Using pre-set license
Built from '2021.1/staging' branch; Version is '2021.1.11f1 (4d8c25f7477e) revision 5082149'; Using compiler version '192528614'; Build Type 'Release'
OS: 'Windows 10 Home; OS build 19042.1466; Version 2009; 64bit' Language: 'en' Physical Memory: 7958 MB
BatchMode: 1, IsHumanControllingUs: 0, StartBugReporterOnCrash: 0, Is64bit: 1, IsPro: 0

 COMMAND LINE ARGUMENTS:
C:\Program Files\Unity\Hub\Editor\2021.1.11f1\Editor\Unity.exe
-adb2
-batchMode
-noUpm
-name
AssetImportWorker1
-projectPath
C:/Users/rudy/Desktop/IdleBreakout-RTX-3D
-logFile
Logs/AssetImportWorker1.log
-srvPort
50938
Successfully changed project path to: C:/Users/rudy/Desktop/IdleBreakout-RTX-3D
C:/Users/rudy/Desktop/IdleBreakout-RTX-3D
Using Asset Import Pipeline V2.
Refreshing native plugins compatible for Editor in 201.71 ms, found 3 plugins.
Preloading 0 native plugins for Editor in 0.00 ms.
Initialize engine version: 2021.1.11f1 (4d8c25f7477e)
[Subsystems] Discovering subsystems at path C:/Program Files/Unity/Hub/Editor/2021.1.11f1/Editor/Data/Resources/UnitySubsystems
[Subsystems] Discovering subsystems at path C:/Users/rudy/Desktop/IdleBreakout-RTX-3D/Assets
GfxDevice: creating device client; threaded=0; jobified=0
Direct3D:
    Version:  Direct3D 11.0 [level 11.1]
    Renderer: Intel(R) UHD Graphics (ID=0x8a56)
    Vendor:   Intel
    VRAM:     3979 MB
    Driver:   27.20.100.9365
Shader 'Universal Render Pipeline/Particles/Lit': fallback shader 'Universal Render Pipeline/Particles/SimpleLit' not found
Initialize mono
Mono path[0] = 'C:/Program Files/Unity/Hub/Editor/2021.1.11f1/Editor/Data/Managed'
Mono path[1] = 'C:/Program Files/Unity/Hub/Editor/2021.1.11f1/Editor/Data/MonoBleedingEdge/lib/mono/unityjit'
Mono config path = 'C:/Program Files/Unity/Hub/Editor/2021.1.11f1/Editor/Data/MonoBleedingEdge/etc'
Using monoOptions --debugger-agent=transport=dt_socket,embedding=1,server=y,suspend=n,address=127.0.0.1:56608
Begin MonoManager ReloadAssembly
Registering precompiled unity dll's ...
Register platform support module: C:/Program Files/Unity/Hub/Editor/2021.1.11f1/Editor/Data/PlaybackEngines/WindowsStandaloneSupport/UnityEditor.WindowsStandalone.Extensions.dll
Registered in 0.005843 seconds.
Native extension for WindowsStandalone target not found
Refreshing native plugins compatible for Editor in 258.09 ms, found 3 plugins.
Preloading 0 native plugins for Editor in 0.00 ms.
Mono: successfully reloaded assembly
- Completed reload, in  6.116 seconds
Domain Reload Profiling:
	ReloadAssembly (6116ms)
		BeginReloadAssembly (82ms)
			ExecutionOrderSort (0ms)
			DisableScriptedObjects (0ms)
			BackupInstance (0ms)
			ReleaseScriptingObjects (0ms)
			CreateAndSetChildDomain (1ms)
		EndReloadAssembly (1124ms)
			LoadAssemblies (79ms)
			RebuildTransferFunctionScriptingTraits (0ms)
			SetupTypeCache (290ms)
			ReleaseScriptCaches (0ms)
			RebuildScriptCaches (51ms)
			SetupLoadedEditorAssemblies (695ms)
				LogAssemblyErrors (0ms)
				InitializePlatformSupportModulesInManaged (11ms)
				SetLoadedEditorAssemblies (1ms)
				RefreshPlugins (258ms)
				BeforeProcessingInitializeOnLoad (6ms)
				ProcessInitializeOnLoadAttributes (354ms)
				ProcessInitializeOnLoadMethodAttributes (65ms)
				AfterProcessingInitializeOnLoad (0ms)
				EditorAssembliesLoaded (0ms)
			ExecutionOrderSort2 (0ms)
			AwakeInstancesAfterBackupRestoration (0ms)
Platform modules already initialized, skipping
Registering precompiled user dll's ...
Registered in 0.019993 seconds.
Begin MonoManager ReloadAssembly
Symbol file LoadedFromMemory doesn't match image C:\Users\rudy\Desktop\IdleBreakout-RTX-3D\Library\PackageCache\com.unity.visualscripting@1.6.1\Editor\VisualScripting.Core\Dependencies\YamlDotNet\Unity.VisualScripting.YamlDotNet.dll
Symbol file LoadedFromMemory doesn't match image C:\Users\rudy\Desktop\IdleBreakout-RTX-3D\Library\PackageCache\com.unity.visualscripting@1.6.1\Editor\VisualScripting.Core\Dependencies\DotNetZip\Unity.VisualScripting.IonicZip.dll
Native extension for WindowsStandalone target not found
Refreshing native plugins compatible for Editor in 157.38 ms, found 3 plugins.
Preloading 0 native plugins for Editor in 0.00 ms.
Mono: successfully reloaded assembly
- Completed reload, in  3.969 seconds
Domain Reload Profiling:
	ReloadAssembly (3970ms)
		BeginReloadAssembly (566ms)
			ExecutionOrderSort (0ms)
			DisableScriptedObjects (15ms)
			BackupInstance (0ms)
			ReleaseScriptingObjects (1ms)
			CreateAndSetChildDomain (73ms)
		EndReloadAssembly (3193ms)
			LoadAssemblies (468ms)
			RebuildTransferFunctionScriptingTraits (0ms)
			SetupTypeCache (1485ms)
			ReleaseScriptCaches (5ms)
			RebuildScriptCaches (353ms)
			SetupLoadedEditorAssemblies (592ms)
				LogAssemblyErrors (0ms)
				InitializePlatformSupportModulesInManaged (8ms)
				SetLoadedEditorAssemblies (0ms)
				RefreshPlugins (157ms)
				BeforeProcessingInitializeOnLoad (114ms)
				ProcessInitializeOnLoadAttributes (300ms)
				ProcessInitializeOnLoadMethodAttributes (6ms)
				AfterProcessingInitializeOnLoad (7ms)
				EditorAssembliesLoaded (0ms)
			ExecutionOrderSort2 (0ms)
			AwakeInstancesAfterBackupRestoration (8ms)
Platform modules already initialized, skipping
========================================================================
Worker process is ready to serve import requests
Shader 'Universal Render Pipeline/Particles/Lit': fallback shader 'Universal Render Pipeline/Particles/SimpleLit' not found
Launched and connected shader compiler UnityShaderCompiler.exe after 2.34 seconds
Refreshing native plugins compatible for Editor in 3.92 ms, found 3 plugins.
Preloading 0 native plugins for Editor in 0.00 ms.
Unloading 4280 Unused Serialized files (Serialized files now loaded: 0)
System memory in use before: 168.1 MB.
System memory in use after: 168.3 MB.

Unloading 22 unused Assets to reduce memory usage. Loaded Objects now: 4727.
Total: 17.531300 ms (FindLiveObjects: 7.375500 ms CreateObjectMapping: 0.525900 ms MarkObjects: 9.323900 ms  DeleteObjects: 0.296700 ms)

AssetImportParameters requested are different than current active one (requested -> active):
  custom:framework-win-MediaFoundation: 216162199b28c13a410421893ffa2e32 -> 
  custom:video-decoder-ogg-theora: a1e56fd34408186e4bbccfd4996cb3dc -> 
  custom:container-muxer-webm: aa71ff27fc2769a1b78a27578f13a17b -> 
  custom:container-demuxer-webm: 4f35f7cbe854078d1ac9338744f61a02 -> 
  custom:container-demuxer-ogg: 62fdf1f143b41e24485cea50d1cbac27 -> 
  custom:video-encoder-webm-vp8: eb34c28f22e8b96e1ab97ce403110664 -> 
  custom:video-codec-MediaFoundation-h265: 746d11721c4dcdbdad8f713fa42b33f4 -> 
  custom:video-decoder-webm-vp8: 9c59270c3fd7afecdb556c50c9e8de78 -> 
  custom:audio-decoder-ogg-vorbis: bf7c407c2cedff20999df2af8eb42d56 -> 
  custom:audio-encoder-webm-vorbis: bf7c407c2cedff20999df2af8eb42d56 -> 
========================================================================
Received Import Request.
  path: Assets/Scenes
  artifactKey: Guid(1fa1e568ca4f28c488a9fabaa6ae9089) Importer(815301076,1909f56bfc062723c751e8b465ee728b)
Start importing Assets/Scenes using Guid(1fa1e568ca4f28c488a9fabaa6ae9089) Importer(815301076,1909f56bfc062723c751e8b465ee728b)  -> (artifact id: '9f9ab4a60b1c68b70b811972cc96b4cd') in 0.422582 seconds 
========================================================================
Received Import Request.
  Time since last request: 0.003042 seconds.
  path: Assets/ball icon.png
  artifactKey: Guid(7e51a20989b6d2b4095c647763be61af) Importer(815301076,1909f56bfc062723c751e8b465ee728b)
Start importing Assets/ball icon.png using Guid(7e51a20989b6d2b4095c647763be61af) Importer(815301076,1909f56bfc062723c751e8b465ee728b) Crash!!!
SymInit: Symbol-SearchPath: 'C:/Program Files/Unity/Hub/Editor/2021.1.11f1/Editor/Data/Mono;.;C:\Users\rudy\Desktop\IdleBreakout-RTX-3D;C:\Users\rudy\Desktop\IdleBreakout-RTX-3D\Library\BurstCache\JIT;C:\Program Files\Unity\Hub\Editor\2021.1.11f1\Editor;C:\Windows;C:\Windows\system32;SRV*C:\websymbols*http://msdl.microsoft.com/download/symbols;', symOptions: 534, UserName: 'rudy'
OS-Version: 10.0.0
C:\Program Files\Unity\Hub\Editor\2021.1.11f1\Editor\Unity.exe:Unity.exe (00007FF6B0460000), size: 81670144 (result: 0), SymType: '-deferred-', PDB: '', fileVersion: 2021.1.11.35877
C:\Windows\SYSTEM32\ntdll.dll:ntdll.dll (00007FFB87A30000), size: 2052096 (result: 0), SymType: '-deferred-', PDB: '', fileVersion: 10.0.19041.1466
C:\Windows\System32\KERNEL32.DLL:KERNEL32.DLL (00007FFB873A0000), size: 778240 (result: 0), SymType: '-deferred-', PDB: '', fileVersion: 10.0.19041.1466
C:\Windows\System32\KERNELBASE.dll:KERNELBASE.dll (00007FFB85610000), size: 2916352 (result: 0), SymType: '-deferred-', PDB: '', fileVersion: 10.0.19041.1466
C:\Windows\System32\CRYPT32.dll:CRYPT32.dll (00007FFB858E0000), size: 1400832 (result: 0), SymType: '-deferred-', PDB: '', fileVersion: 10.0.19041.1320
C:\Windows\System32\ucrtbase.dll:ucrtbase.dll (00007FFB853D0000), size: 1048576 (result: 0), SymType: '-deferred-', PDB: '', fileVersion: 10.0.19041.789
C:\Windows\System32\USER32.dll:USER32.dll (00007FFB86E40000), size: 1708032 (result: 0), SymType: '-deferred-', PDB: '', fileVersion: 10.0.19041.1202
C:\Windows\System32\win32u.dll:win32u.dll (00007FFB855E0000), size: 139264 (result: 0), SymType: '-deferred-', PDB: '', fileVersion: 10.0.19041.1466
C:\Program Files\Unity\Hub\Editor\2021.1.11f1\Editor\libfbxsdk.dll:libfbxsdk.dll (00007FFAB01B0000), size: 10215424 (result: 0), SymType: '-deferred-', PDB: '', fileVersion: 2020.2.0.0
C:\Program Files\Unity\Hub\Editor\2021.1.11f1\Editor\optix.6.0.0.dll:optix.6.0.0.dll (00007FFB4D560000), size: 208896 (result: 0), SymType: '-deferred-', PDB: '', fileVersion: 6.0.0.0
C:\Program Files\Unity\Hub\Editor\2021.1.11f1\Editor\OpenImageDenoise.dll:OpenImageDenoise.dll (00007FFAAB010000), size: 43806720 (result: 0), SymType: '-deferred-', PDB: ''
C:\Windows\System32\GDI32.dll:GDI32.dll (00007FFB85D00000), size: 176128 (result: 0), SymType: '-deferred-', PDB: '', fileVersion: 10.0.19041.1202
C:\Windows\System32\gdi32full.dll:gdi32full.dll (00007FFB854D0000), size: 1101824 (result: 0), SymType: '-deferred-', PDB: '', fileVersion: 10.0.19041.1466
C:\Windows\System32\msvcp_win.dll:msvcp_win.dll (00007FFB85250000), size: 643072 (result: 0), SymType: '-deferred-', PDB: '', fileVersion: 10.0.19041.789
C:\Windows\System32\ADVAPI32.dll:ADVAPI32.dll (00007FFB86010000), size: 712704 (result: 0), SymType: '-deferred-', PDB: '', fileVersion: 10.0.19041.1466
C:\Windows\System32\msvcrt.dll:msvcrt.dll (00007FFB85F10000), size: 647168 (result: 0), SymType: '-deferred-', PDB: '', fileVersion: 7.0.19041.546
C:\Program Files\Unity\Hub\Editor\2021.1.11f1\Editor\umbraoptimizer64.dll:umbraoptimizer64.dll (00007FFAE8FA0000), size: 1306624 (result: 0), SymType: '-deferred-', PDB: ''
C:\Windows\System32\SHELL32.dll:SHELL32.dll (00007FFB865B0000), size: 7618560 (result: 0), SymType: '-deferred-', PDB: '', fileVersion: 10.0.19041.1466
C:\Windows\System32\WS2_32.dll:WS2_32.dll (00007FFB860C0000), size: 438272 (result: 0), SymType: '-deferred-', PDB: '', fileVersion: 10.0.19041.546
C:\Program Files\Unity\Hub\Editor\2021.1.11f1\Editor\etccompress.dll:etccompress.dll (00007FFACFDA0000), size: 5066752 (result: 0), SymType: '-deferred-', PDB: ''
C:\Windows\System32\sechost.dll:sechost.dll (00007FFB87460000), size: 638976 (result: 0), SymType: '-deferred-', PDB: '', fileVersion: 10.0.19041.1466
C:\Windows\System32\RPCRT4.dll:RPCRT4.dll (00007FFB86FF0000), size: 1200128 (result: 0), SymType: '-deferred-', PDB: '', fileVersion: 10.0.19041.1466
C:\Windows\System32\SHLWAPI.dll:SHLWAPI.dll (00007FFB85FB0000), size: 348160 (result: 0), SymType: '-deferred-', PDB: '', fileVersion: 10.0.19041.1023
 -> (artifact id: '0437c6fd93310c8e162414c96bc62ae3') in 2.385371 seconds 
========================================================================
Received Import Request.
  Time since last request: 0.000528 seconds.
  path: Assets/Brick.prefab
  artifactKey: Guid(cb1659035af9db14c83ecc9b83c1f648) Importer(815301076,1909f56bfc062723c751e8b465ee728b)
C:\Windows\System32\WLDAP32.dll:WLDAP32.dll (00007FFB85B80000), size: 352256 (result: 0), SymType: '-deferred-', PDB: '', fileVersion: 10.0.19041.546
Start importing Assets/Brick.prefab using Guid(cb1659035af9db14c83ecc9b83c1f648) Importer(815301076,1909f56bfc062723c751e8b465ee728b) C:\Program Files\Unity\Hub\Editor\2021.1.11f1\Editor\FreeImage.dll:FreeImage.dll (0000000180000000), size: 6414336 (result: 0), SymType: '-deferred-', PDB: '', fileVersion: 3.18.0.0
C:\Windows\System32\Normaliz.dll:Normaliz.dll (00007FFB86E30000), size: 32768 (result: 0), SymType: '-deferred-', PDB: '', fileVersion: 10.0.19041.546
C:\Windows\System32\ole32.dll:ole32.dll (00007FFB86D00000), size: 1220608 (result: 0), SymType: '-deferred-', PDB: '', fileVersion: 10.0.19041.1202
C:\Windows\System32\combase.dll:combase.dll (00007FFB875B0000), size: 3493888 (result: 0), SymType: '-deferred-', PDB: '', fileVersion: 10.0.19041.1348
C:\Program Files\Unity\Hub\Editor\2021.1.11f1\Editor\ispc_texcomp.dll:ispc_texcomp.dll (00007FFAD1630000), size: 1744896 (result: 0), SymType: '-deferred-', PDB: ''
C:\Windows\System32\IMM32.dll:IMM32.dll (00007FFB85BE0000), size: 196608 (result: 0), SymType: '-deferred-', PDB: '', fileVersion: 10.0.19041.546
C:\Program Files\Unity\Hub\Editor\2021.1.11f1\Editor\WinPixEventRuntime.dll:WinPixEventRuntime.dll (00007FFB80870000), size: 45056 (result: 0), SymType: '-deferred-', PDB: '', fileVersion: 1.0.1812.6001
C:\Program Files\Unity\Hub\Editor\2021.1.11f1\Editor\tbb.dll:tbb.dll (00007FFAE8AA0000), size: 413696 (result: 0), SymType: '-deferred-', PDB: '', fileVersion: 2017.0.2016.1004
C:\Windows\System32\SETUPAPI.dll:SETUPAPI.dll (00007FFB86130000), size: 4661248 (result: 0), SymType: '-deferred-', PDB: '', fileVersion: 10.0.19041.1237
C:\Windows\SYSTEM32\VCRUNTIME140.dll:VCRUNTIME140.dll (00007FFB39FE0000), size: 110592 (result: 0), SymType: '-deferred-', PDB: '', fileVersion: 14.30.30704.0
C:\Windows\System32\cfgmgr32.dll:cfgmgr32.dll (00007FFB852F0000), size: 319488 (result: 0), SymType: '-deferred-', PDB: '', fileVersion: 10.0.19041.1151
C:\Windows\System32\bcrypt.dll:bcrypt.dll (00007FFB85A40000), size: 159744 (result: 0), SymType: '-deferred-', PDB: '', fileVersion: 10.0.19041.1023
C:\Windows\SYSTEM32\OPENGL32.dll:OPENGL32.dll (00007FFB595A0000), size: 1200128 (result: 0), SymType: '-deferred-', PDB: '', fileVersion: 10.0.19041.1081
C:\Windows\System32\OLEAUT32.dll:OLEAUT32.dll (00007FFB872D0000), size: 839680 (result: 0), SymType: '-deferred-', PDB: '', fileVersion: 10.0.19041.985
C:\Windows\SYSTEM32\GLU32.dll:GLU32.dll (00007FFB59530000), size: 180224 (result: 0), SymType: '-deferred-', PDB: '', fileVersion: 10.0.19041.1081
C:\Windows\SYSTEM32\IPHLPAPI.DLL:IPHLPAPI.DLL (00007FFB84510000), size: 241664 (result: 0), SymType: '-deferred-', PDB: '', fileVersion: 10.0.19041.546
C:\Windows\System32\WINTRUST.dll:WINTRUST.dll (00007FFB85140000), size: 393216 (result: 0), SymType: '-deferred-', PDB: '', fileVersion: 10.0.19041.1466
C:\Windows\SYSTEM32\MSVCP120.dll:MSVCP120.dll (00007FFB6DEB0000), size: 679936 (result: 0), SymType: '-deferred-', PDB: '', fileVersion: 12.0.40664.0
C:\Windows\SYSTEM32\MSVCR120.dll:MSVCR120.dll (00007FFB6FC60000), size: 978944 (result: 0), SymType: '-deferred-', PDB: '', fileVersion: 12.0.40664.0
C:\Windows\SYSTEM32\MSVCP140.dll:MSVCP140.dll (00007FFB39F50000), size: 581632 (result: 0), SymType: '-deferred-', PDB: '', fileVersion: 14.30.30704.0
C:\Windows\SYSTEM32\WINHTTP.dll:WINHTTP.dll (00007FFB74BA0000), size: 1097728 (result: 0), SymType: '-deferred-', PDB: '', fileVersion: 10.0.19041.1320
C:\Program Files\Unity\Hub\Editor\2021.1.11f1\Editor\RadeonImageFilters.dll:RadeonImageFilters.dll (00007FFACFA60000), size: 2535424 (result: 0), SymType: '-deferred-', PDB: '', fileVersion: 1.5.1.0
C:\Windows\SYSTEM32\WINMM.dll:WINMM.dll (00007FFB66F80000), size: 159744 (result: 0), SymType: '-deferred-', PDB: '', fileVersion: 10.0.19041.546
C:\Windows\SYSTEM32\HID.DLL:HID.DLL (00007FFB839B0000), size: 53248 (result: 0), SymType: '-deferred-', PDB: '', fileVersion: 10.0.19041.546
C:\Program Files\Unity\Hub\Editor\2021.1.11f1\Editor\SketchUpAPI.dll:SketchUpAPI.dll (00007FFAAF3A0000), size: 8978432 (result: 0), SymType: '-deferred-', PDB: '', fileVersion: 19.0.753.0
C:\Windows\SYSTEM32\VERSION.dll:VERSION.dll (00007FFB7E430000), size: 40960 (result: 0), SymType: '-deferred-', PDB: '', fileVersion: 10.0.19041.546
C:\Windows\SYSTEM32\MSWSOCK.dll:MSWSOCK.dll (00007FFB84820000), size: 434176 (result: 0), SymType: '-deferred-', PDB: '', fileVersion: 10.0.19041.546
C:\Windows\SYSTEM32\VCRUNTIME140_1.dll:VCRUNTIME140_1.dll (00007FFB662F0000), size: 49152 (result: 0), SymType: '-deferred-', PDB: '', fileVersion: 14.30.30704.0
C:\Program Files\Unity\Hub\Editor\2021.1.11f1\Editor\SketchUpCommonPreferences.dll:SketchUpCommonPreferences.dll (00007FFB4C640000), size: 483328 (result: 0), SymType: '-deferred-', PDB: '', fileVersion: 19.0.753.20342
C:\Windows\SYSTEM32\Secur32.dll:Secur32.dll (00007FFB6C6D0000), size: 49152 (result: 0), SymType: '-deferred-', PDB: '', fileVersion: 10.0.19041.546
C:\Windows\SYSTEM32\SSPICLI.DLL:SSPICLI.DLL (00007FFB85000000), size: 200704 (result: 0), SymType: '-deferred-', PDB: '', fileVersion: 10.0.19041.1266
C:\Program Files\Unity\Hub\Editor\2021.1.11f1\Editor\OpenRL.dll:OpenRL.dll (0000025C94670000), size: 12779520 (result: 0), SymType: '-deferred-', PDB: '', fileVersion: 1.5.0.2907
C:\Windows\SYSTEM32\MSVCP100.dll:MSVCP100.dll (000000005F1D0000), size: 622592 (result: 0), SymType: '-deferred-', PDB: '', fileVersion: 10.0.40219.325
C:\Windows\SYSTEM32\MSVCR100.dll:MSVCR100.dll (000000005F0F0000), size: 860160 (result: 0), SymType: '-deferred-', PDB: '', fileVersion: 10.0.40219.325
C:\Program Files\Unity\Hub\Editor\2021.1.11f1\Editor\embree.dll:embree.dll (00007FFAAA020000), size: 16711680 (result: 0), SymType: '-deferred-', PDB: '', fileVersion: 2.14.0.0
C:\Program Files\Unity\Hub\Editor\2021.1.11f1\Editor\OpenRL_pthread.dll:OpenRL_pthread.dll (0000025C952C0000), size: 61440 (result: 0), SymType: '-deferred-', PDB: '', fileVersion: 2.9.0.0
C:\Windows\SYSTEM32\MSASN1.dll:MSASN1.dll (00007FFB84CB0000), size: 73728 (result: 0), SymType: '-deferred-', PDB: '', fileVersion: 10.0.19041.546
C:\Windows\SYSTEM32\kernel.appcore.dll:kernel.appcore.dll (00007FFB839C0000), size: 73728 (result: 0), SymType: '-deferred-', PDB: '', fileVersion: 10.0.19041.546
C:\Windows\System32\bcryptPrimitives.dll:bcryptPrimitives.dll (00007FFB85340000), size: 532480 (result: 0), SymType: '-deferred-', PDB: '', fileVersion: 10.0.19041.1415
C:\Windows\system32\uxtheme.dll:uxtheme.dll (00007FFB82780000), size: 647168 (result: 0), SymType: '-deferred-', PDB: '', fileVersion: 10.0.19041.1266
C:\Windows\System32\shcore.dll:shcore.dll (00007FFB85D30000), size: 708608 (result: 0), SymType: '-deferred-', PDB: '', fileVersion: 10.0.19041.1387
C:\Windows\SYSTEM32\windows.storage.dll:windows.storage.dll (00007FFB83210000), size: 7950336 (result: 0), SymType: '-deferred-', PDB: '', fileVersion: 10.0.19041.1466
C:\Windows\SYSTEM32\Wldp.dll:Wldp.dll (00007FFB84B20000), size: 188416 (result: 0), SymType: '-deferred-', PDB: '', fileVersion: 10.0.19041.1320
C:\Windows\SYSTEM32\profapi.dll:profapi.dll (00007FFB85080000), size: 126976 (result: 0), SymType: '-deferred-', PDB: '', fileVersion: 10.0.19041.844
C:\Windows\System32\clbcatq.dll:clbcatq.dll (00007FFB85A70000), size: 692224 (result: 0), SymType: '-deferred-', PDB: '', fileVersion: 2001.12.10941.16384
C:\Windows\System32\netprofm.dll:netprofm.dll (00007FFB7FAF0000), size: 253952 (result: 0), SymType: '-deferred-', PDB: '', fileVersion: 10.0.19041.906
C:\Windows\System32\npmproxy.dll:npmproxy.dll (00007FFB74B70000), size: 65536 (result: 0), SymType: '-deferred-', PDB: '', fileVersion: 10.0.19041.906
C:\Windows\System32\NSI.dll:NSI.dll (00007FFB85C10000), size: 32768 (result: 0), SymType: '-deferred-', PDB: '', fileVersion: 10.0.19041.610
C:\Windows\SYSTEM32\dhcpcsvc6.DLL:dhcpcsvc6.DLL (00007FFB7BDF0000), size: 94208 (result: 0), SymType: '-deferred-', PDB: '', fileVersion: 10.0.19041.546
C:\Windows\SYSTEM32\dhcpcsvc.DLL:dhcpcsvc.DLL (00007FFB7BDD0000), size: 118784 (result: 0), SymType: '-deferred-', PDB: '', fileVersion: 10.0.19041.546
C:\Windows\SYSTEM32\DNSAPI.dll:DNSAPI.dll (00007FFB84550000), size: 831488 (result: 0), SymType: '-deferred-', PDB: '', fileVersion: 10.0.19041.1320
C:\Windows\System32\fwpuclnt.dll:fwpuclnt.dll (00007FFB74260000), size: 520192 (result: 0), SymType: '-deferred-', PDB: '', fileVersion: 10.0.19041.1466
C:\Windows\System32\rasadhlp.dll:rasadhlp.dll (00007FFB74480000), size: 40960 (result: 0), SymType: '-deferred-', PDB: '', fileVersion: 10.0.19041.546
C:\Program Files\Unity\Hub\Editor\2021.1.11f1\Editor\Data\Tools\astcenc-avx2.dll:astcenc-avx2.dll (00007FFAA7180000), size: 552960 (result: 0), SymType: '-deferred-', PDB: ''
C:\Windows\SYSTEM32\d3d11.dll:d3d11.dll (00007FFB811A0000), size: 2506752 (result: 0), SymType: '-deferred-', PDB: '', fileVersion: 10.0.19041.1202
C:\Windows\SYSTEM32\dxgi.dll:dxgi.dll (00007FFB83A30000), size: 999424 (result: 0), SymType: '-deferred-', PDB: '', fileVersion: 10.0.19041.1266
C:\Windows\System32\DriverStore\FileRepository\iigd_dch.inf_amd64_62c6fb4131da3aee\igd10iumd64.dll:igd10iumd64.dll (00007FFB79820000), size: 21352448 (result: 0), SymType: '-deferred-', PDB: '', fileVersion: 27.20.100.9365
C:\Windows\SYSTEM32\ncrypt.dll:ncrypt.dll (00007FFB84B90000), size: 159744 (result: 0), SymType: '-deferred-', PDB: '', fileVersion: 10.0.19041.662
C:\Windows\SYSTEM32\NTASN1.dll:NTASN1.dll (00007FFB84B50000), size: 241664 (result: 0), SymType: '-deferred-', PDB: '', fileVersion: 10.0.19041.546
C:\Windows\System32\DriverStore\FileRepository\iigd_dch.inf_amd64_62c6fb4131da3aee\igdgmm64.dll:igdgmm64.dll (00007FFB791A0000), size: 2916352 (result: 0), SymType: '-deferred-', PDB: '', fileVersion: 27.20.100.9365
C:\Windows\System32\DriverStore\FileRepository\iigd_dch.inf_amd64_62c6fb4131da3aee\igc64.dll:igc64.dll (00007FFB76410000), size: 45903872 (result: 0), SymType: '-deferred-', PDB: '', fileVersion: 27.20.100.9365
C:\Windows\SYSTEM32\dxcore.dll:dxcore.dll (00007FFB7BD50000), size: 241664 (result: 0), SymType: '-deferred-', PDB: '', fileVersion: 10.0.19041.546
C:\Windows\system32\wbem\wbemprox.dll:wbemprox.dll (00007FFB69310000), size: 69632 (result: 0), SymType: '-deferred-', PDB: '', fileVersion: 10.0.19041.1320
C:\Windows\SYSTEM32\wbemcomn.dll:wbemcomn.dll (00007FFB6F220000), size: 598016 (result: 0), SymType: '-deferred-', PDB: '', fileVersion: 10.0.19041.1081
C:\Windows\system32\wbem\wbemsvc.dll:wbemsvc.dll (00007FFB67A60000), size: 81920 (result: 0), SymType: '-deferred-', PDB: '', fileVersion: 10.0.19041.1320
C:\Windows\system32\wbem\fastprox.dll:fastprox.dll (00007FFB67B00000), size: 1093632 (result: 0), SymType: '-deferred-', PDB: '', fileVersion: 10.0.19041.546
C:\Windows\SYSTEM32\amsi.dll:amsi.dll (00007FFB65640000), size: 102400 (result: 0), SymType: '-deferred-', PDB: '', fileVersion: 10.0.19041.746
C:\Windows\SYSTEM32\USERENV.dll:USERENV.dll (00007FFB85040000), size: 188416 (result: 0), SymType: '-deferred-', PDB: '', fileVersion: 10.0.19041.572
C:\ProgramData\Microsoft\Windows Defender\Platform\4.18.2201.10-0\MpOav.dll:MpOav.dll (00007FFAE9AD0000), size: 495616 (result: 0), SymType: '-deferred-', PDB: '', fileVersion: 4.18.2201.10
C:\Windows\SYSTEM32\opencl.dll:opencl.dll (00007FFB38EA0000), size: 512000 (result: 0), SymType: '-deferred-', PDB: '', fileVersion: 2.2.8.0
C:\Program Files\Unity\Hub\Editor\2021.1.11f1\Editor\radeonrays.dll:radeonrays.dll (00007FFB4C6E0000), size: 552960 (result: 0), SymType: '-deferred-', PDB: ''
C:\Program Files\Unity\Hub\Editor\2021.1.11f1\Editor\Data\MonoBleedingEdge\EmbedRuntime\mono-2.0-bdwgc.dll:mono-2.0-bdwgc.dll (00007FFAA1940000), size: 7790592 (result: 0), SymType: '-deferred-', PDB: ''
C:\Windows\System32\PSAPI.DLL:PSAPI.DLL (00007FFB85DE0000), size: 32768 (result: 0), SymType: '-deferred-', PDB: '', fileVersion: 10.0.19041.546
C:\Windows\SYSTEM32\CRYPTSP.dll:CRYPTSP.dll (00007FFB84A10000), size: 98304 (result: 0), SymType: '-deferred-', PDB: '', fileVersion: 10.0.19041.546
C:\Windows\system32\rsaenh.dll:rsaenh.dll (00007FFB841A0000), size: 212992 (result: 0), SymType: '-deferred-', PDB: '', fileVersion: 10.0.19041.1052
C:\Windows\SYSTEM32\CRYPTBASE.dll:CRYPTBASE.dll (00007FFB84A30000), size: 49152 (result: 0), SymType: '-deferred-', PDB: '', fileVersion: 10.0.19041.546
C:\Windows\SYSTEM32\dbghelp.dll:dbghelp.dll (00007FFB82DD0000), size: 1982464 (result: 0), SymType: '-deferred-', PDB: '', fileVersion: 10.0.19041.867

========== OUTPUTTING STACK TRACE ==================

0x00007FFB87ADD92C (ntdll) memset
0x00007FFB85631B22 (KERNELBASE) WaitForSingleObjectEx
0x00007FFB79A9F301 (igd10iumd64) OpenAdapter10_2
0x00007FFB79A9F037 (igd10iumd64) OpenAdapter10_2
0x00007FFB79A94A13 (igd10iumd64) OpenAdapter10_2
0x00007FFB79A8A04A (igd10iumd64) OpenAdapter10_2
0x00007FFB79A8740C (igd10iumd64) OpenAdapter10_2
0x00007FFB79A8720D (igd10iumd64) OpenAdapter10_2
SymInit: Symbol-SearchPath: 'C:/Program Files/Unity/Hub/Editor/2021.1.11f1/Editor/Data/Mono;.;C:\Users\rudy\Desktop\IdleBreakout-RTX-3D;C:\Users\rudy\Desktop\IdleBreakout-RTX-3D\Library\BurstCache\JIT;C:\Program Files\Unity\Hub\Editor\2021.1.11f1\Editor;C:\Windows;C:\Windows\system32;SRV*C:\websymbols*http://msdl.microsoft.com/download/symbols;', symOptions: 534, UserName: 'rudy'
OS-Version: 10.0.0
C:\Program Files\Unity\Hub\Editor\2021.1.11f1\Editor\Unity.exe:Unity.exe (00007FF6B0460000), size: 81670144 (result: 0), SymType: 'PDB', PDB: 'C:\Program Files\Unity\Hub\Editor\2021.1.11f1\Editor\Unity_x64.pdb', fileVersion: 2021.1.11.35877
C:\Windows\SYSTEM32\ntdll.dll:ntdll.dll (00007FFB87A30000), size: 2052096 (result: 0), SymType: '-exported-', PDB: 'C:\Windows\SYSTEM32\ntdll.dll', fileVersion: 10.0.19041.1466
C:\Windows\System32\KERNEL32.DLL:KERNEL32.DLL (00007FFB873A0000), size: 778240 (result: 0), SymType: '-exported-', PDB: 'C:\Windows\System32\KERNEL32.DLL', fileVersion: 10.0.19041.1466
C:\Windows\System32\KERNELBASE.dll:KERNELBASE.dll (00007FFB85610000), size: 2916352 (result: 0), SymType: '-exported-', PDB: 'C:\Windows\System32\KERNELBASE.dll', fileVersion: 10.0.19041.1466
C:\Windows\System32\CRYPT32.dll:CRYPT32.dll (00007FFB858E0000), size: 1400832 (result: 0), SymType: '-exported-', PDB: 'C:\Windows\System32\CRYPT32.dll', fileVersion: 10.0.19041.1320
C:\Windows\System32\ucrtbase.dll:ucrtbase.dll (00007FFB853D0000), size: 1048576 (result: 0), SymType: '-exported-', PDB: 'C:\Windows\System32\ucrtbase.dll', fileVersion: 10.0.19041.789
C:\Windows\System32\USER32.dll:USER32.dll (00007FFB86E40000), size: 1708032 (result: 0), SymType: '-exported-', PDB: 'C:\Windows\System32\USER32.dll', fileVersion: 10.0.19041.1202
C:\Windows\System32\win32u.dll:win32u.dll (00007FFB855E0000), size: 139264 (result: 0), SymType: '-exported-', PDB: 'C:\Windows\System32\win32u.dll', fileVersion: 10.0.19041.1466
C:\Program Files\Unity\Hub\Editor\2021.1.11f1\Editor\libfbxsdk.dll:libfbxsdk.dll (00007FFAB01B0000), size: 10215424 (result: 0), SymType: '-exported-', PDB: 'C:\Program Files\Unity\Hub\Editor\2021.1.11f1\Editor\libfbxsdk.dll', fileVersion: 2020.2.0.0
C:\Program Files\Unity\Hub\Editor\2021.1.11f1\Editor\optix.6.0.0.dll:optix.6.0.0.dll (00007FFB4D560000), size: 208896 (result: 0), SymType: '-exported-', PDB: 'C:\Program Files\Unity\Hub\Editor\2021.1.11f1\Editor\optix.6.0.0.dll', fileVersion: 6.0.0.0
C:\Program Files\Unity\Hub\Editor\2021.1.11f1\Editor\OpenImageDenoise.dll:OpenImageDenoise.dll (00007FFAAB010000), size: 43806720 (result: 0), SymType: '-exported-', PDB: 'C:\Program Files\Unity\Hub\Editor\2021.1.11f1\Editor\OpenImageDenoise.dll'
C:\Windows\System32\GDI32.dll:GDI32.dll (00007FFB85D00000), size: 176128 (result: 0), SymType: '-exported-', PDB: 'C:\Windows\System32\GDI32.dll', fileVersion: 10.0.19041.1202
C:\Windows\System32\gdi32full.dll:gdi32full.dll (00007FFB854D0000), size: 1101824 (result: 0), SymType: '-exported-', PDB: 'C:\Windows\System32\gdi32full.dll', fileVersion: 10.0.19041.1466
C:\Windows\System32\msvcp_win.dll:msvcp_win.dll (00007FFB85250000), size: 643072 (result: 0), SymType: '-exported-', PDB: 'C:\Windows\System32\msvcp_win.dll', fileVersion: 10.0.19041.789
C:\Windows\System32\ADVAPI32.dll:ADVAPI32.dll (00007FFB86010000), size: 712704 (result: 0), SymType: '-exported-', PDB: 'C:\Windows\System32\ADVAPI32.dll', fileVersion: 10.0.19041.1466
C:\Windows\System32\msvcrt.dll:msvcrt.dll (00007FFB85F10000), size: 647168 (result: 0), SymType: '-exported-', PDB: 'C:\Windows\System32\msvcrt.dll', fileVersion: 7.0.19041.546
C:\Program Files\Unity\Hub\Editor\2021.1.11f1\Editor\umbraoptimizer64.dll:umbraoptimizer64.dll (00007FFAE8FA0000), size: 1306624 (result: 0), SymType: '-exported-', PDB: 'C:\Program Files\Unity\Hub\Editor\2021.1.11f1\Editor\umbraoptimizer64.dll'
C:\Windows\System32\SHELL32.dll:SHELL32.dll (00007FFB865B0000), size: 7618560 (result: 0), SymType: '-exported-', PDB: 'C:\Windows\System32\SHELL32.dll', fileVersion: 10.0.19041.1466
C:\Windows\System32\WS2_32.dll:WS2_32.dll (00007FFB860C0000), size: 438272 (result: 0), SymType: '-exported-', PDB: 'C:\Windows\System32\WS2_32.dll', fileVersion: 10.0.19041.546
C:\Program Files\Unity\Hub\Editor\2021.1.11f1\Editor\etccompress.dll:etccompress.dll (00007FFACFDA0000), size: 5066752 (result: 0), SymType: '-exported-', PDB: 'C:\Program Files\Unity\Hub\Editor\2021.1.11f1\Editor\etccompress.dll'
C:\Windows\System32\sechost.dll:sechost.dll (00007FFB87460000), size: 638976 (result: 0), SymType: '-exported-', PDB: 'C:\Windows\System32\sechost.dll', fileVersion: 10.0.19041.1466
C:\Windows\System32\RPCRT4.dll:RPCRT4.dll (00007FFB86FF0000), size: 1200128 (result: 0), SymType: '-exported-', PDB: 'C:\Windows\System32\RPCRT4.dll', fileVersion: 10.0.19041.1466
C:\Windows\System32\SHLWAPI.dll:SHLWAPI.dll (00007FFB85FB0000), size: 348160 (result: 0), SymType: '-exported-', PDB: 'C:\Windows\System32\SHLWAPI.dll', fileVersion: 10.0.19041.1023
C:\Windows\System32\WLDAP32.dll:WLDAP32.dll (00007FFB85B80000), size: 352256 (result: 0), SymType: '-exported-', PDB: 'C:\Windows\System32\WLDAP32.dll', fileVersion: 10.0.19041.546
C:\Program Files\Unity\Hub\Editor\2021.1.11f1\Editor\FreeImage.dll:FreeImage.dll (0000000180000000), size: 6414336 (result: 0), SymType: '-exported-', PDB: 'C:\Program Files\Unity\Hub\Editor\2021.1.11f1\Editor\FreeImage.dll', fileVersion: 3.18.0.0
C:\Windows\System32\Normaliz.dll:Normaliz.dll (00007FFB86E30000), size: 32768 (result: 0), SymType: '-exported-', PDB: 'C:\Windows\System32\Normaliz.dll', fileVersion: 10.0.19041.546
C:\Windows\System32\ole32.dll:ole32.dll (00007FFB86D00000), size: 1220608 (result: 0), SymType: '-exported-', PDB: 'C:\Windows\System32\ole32.dll', fileVersion: 10.0.19041.1202
C:\Windows\System32\combase.dll:combase.dll (00007FFB875B0000), size: 3493888 (result: 0), SymType: '-exported-', PDB: 'C:\Windows\System32\combase.dll', fileVersion: 10.0.19041.1348
C:\Program Files\Unity\Hub\Editor\2021.1.11f1\Editor\ispc_texcomp.dll:ispc_texcomp.dll (00007FFAD1630000), size: 1744896 (result: 0), SymType: '-exported-', PDB: 'C:\Program Files\Unity\Hub\Editor\2021.1.11f1\Editor\ispc_texcomp.dll'
C:\Windows\System32\IMM32.dll:IMM32.dll (00007FFB85BE0000), size: 196608 (result: 0), SymType: '-exported-', PDB: 'C:\Windows\System32\IMM32.dll', fileVersion: 10.0.19041.546
C:\Program Files\Unity\Hub\Editor\2021.1.11f1\Editor\WinPixEventRuntime.dll:WinPixEventRuntime.dll (00007FFB80870000), size: 45056 (result: 0), SymType: '-exported-', PDB: 'C:\Program Files\Unity\Hub\Editor\2021.1.11f1\Editor\WinPixEventRuntime.dll', fileVersion: 1.0.1812.6001
C:\Program Files\Unity\Hub\Editor\2021.1.11f1\Editor\tbb.dll:tbb.dll (00007FFAE8AA0000), size: 413696 (result: 0), SymType: '-exported-', PDB: 'C:\Program Files\Unity\Hub\Editor\2021.1.11f1\Editor\tbb.dll', fileVersion: 2017.0.2016.1004
C:\Windows\System32\SETUPAPI.dll:SETUPAPI.dll (00007FFB86130000), size: 4661248 (result: 0), SymType: '-exported-', PDB: 'C:\Windows\System32\SETUPAPI.dll', fileVersion: 10.0.19041.1237
C:\Windows\SYSTEM32\VCRUNTIME140.dll:VCRUNTIME140.dll (00007FFB39FE0000), size: 110592 (result: 0), SymType: '-exported-', PDB: 'C:\Windows\SYSTEM32\VCRUNTIME140.dll', fileVersion: 14.30.30704.0
C:\Windows\System32\cfgmgr32.dll:cfgmgr32.dll (00007FFB852F0000), size: 319488 (result: 0), SymType: '-exported-', PDB: 'C:\Windows\System32\cfgmgr32.dll', fileVersion: 10.0.19041.1151
C:\Windows\System32\bcrypt.dll:bcrypt.dll (00007FFB85A40000), size: 159744 (result: 0), SymType: '-exported-', PDB: 'C:\Windows\System32\bcrypt.dll', fileVersion: 10.0.19041.1023
C:\Windows\SYSTEM32\OPENGL32.dll:OPENGL32.dll (00007FFB595A0000), size: 1200128 (result: 0), SymType: '-exported-', PDB: 'C:\Windows\SYSTEM32\OPENGL32.dll', fileVersion: 10.0.19041.1081
C:\Windows\System32\OLEAUT32.dll:OLEAUT32.dll (00007FFB872D0000), size: 839680 (result: 0), SymType: '-exported-', PDB: 'C:\Windows\System32\OLEAUT32.dll', fileVersion: 10.0.19041.985
C:\Windows\SYSTEM32\GLU32.dll:GLU32.dll (00007FFB59530000), size: 180224 (result: 0), SymType: '-exported-', PDB: 'C:\Windows\SYSTEM32\GLU32.dll', fileVersion: 10.0.19041.1081
C:\Windows\SYSTEM32\IPHLPAPI.DLL:IPHLPAPI.DLL (00007FFB84510000), size: 241664 (result: 0), SymType: '-exported-', PDB: 'C:\Windows\SYSTEM32\IPHLPAPI.DLL', fileVersion: 10.0.19041.546
C:\Windows\System32\WINTRUST.dll:WINTRUST.dll (00007FFB85140000), size: 393216 (result: 0), SymType: '-exported-', PDB: 'C:\Windows\System32\WINTRUST.dll', fileVersion: 10.0.19041.1466
C:\Windows\SYSTEM32\MSVCP120.dll:MSVCP120.dll (00007FFB6DEB0000), size: 679936 (result: 0), SymType: '-exported-', PDB: 'C:\Windows\SYSTEM32\MSVCP120.dll', fileVersion: 12.0.40664.0
C:\Windows\SYSTEM32\MSVCR120.dll:MSVCR120.dll (00007FFB6FC60000), size: 978944 (result: 0), SymType: '-exported-', PDB: 'C:\Windows\SYSTEM32\MSVCR120.dll', fileVersion: 12.0.40664.0
C:\Windows\SYSTEM32\MSVCP140.dll:MSVCP140.dll (00007FFB39F50000), size: 581632 (result: 0), SymType: '-exported-', PDB: 'C:\Windows\SYSTEM32\MSVCP140.dll', fileVersion: 14.30.30704.0
C:\Windows\SYSTEM32\WINHTTP.dll:WINHTTP.dll (00007FFB74BA0000), size: 1097728 (result: 0), SymType: '-exported-', PDB: 'C:\Windows\SYSTEM32\WINHTTP.dll', fileVersion: 10.0.19041.1320
C:\Program Files\Unity\Hub\Editor\2021.1.11f1\Editor\RadeonImageFilters.dll:RadeonImageFilters.dll (00007FFACFA60000), size: 2535424 (result: 0), SymType: '-exported-', PDB: 'C:\Program Files\Unity\Hub\Editor\2021.1.11f1\Editor\RadeonImageFilters.dll', fileVersion: 1.5.1.0
C:\Windows\SYSTEM32\WINMM.dll:WINMM.dll (00007FFB66F80000), size: 159744 (result: 0), SymType: '-exported-', PDB: 'C:\Windows\SYSTEM32\WINMM.dll', fileVersion: 10.0.19041.546
C:\Windows\SYSTEM32\HID.DLL:HID.DLL (00007FFB839B0000), size: 53248 (result: 0), SymType: '-exported-', PDB: 'C:\Windows\SYSTEM32\HID.DLL', fileVersion: 10.0.19041.546
C:\Program Files\Unity\Hub\Editor\2021.1.11f1\Editor\SketchUpAPI.dll:SketchUpAPI.dll (00007FFAAF3A0000), size: 8978432 (result: 0), SymType: '-exported-', PDB: 'C:\Program Files\Unity\Hub\Editor\2021.1.11f1\Editor\SketchUpAPI.dll', fileVersion: 19.0.753.0
C:\Windows\SYSTEM32\VERSION.dll:VERSION.dll (00007FFB7E430000), size: 40960 (result: 0), SymType: '-exported-', PDB: 'C:\Windows\SYSTEM32\VERSION.dll', fileVersion: 10.0.19041.546
C:\Windows\SYSTEM32\MSWSOCK.dll:MSWSOCK.dll (00007FFB84820000), size: 434176 (result: 0), SymType: '-exported-', PDB: 'C:\Windows\SYSTEM32\MSWSOCK.dll', fileVersion: 10.0.19041.546
C:\Windows\SYSTEM32\VCRUNTIME140_1.dll:VCRUNTIME140_1.dll (00007FFB662F0000), size: 49152 (result: 0), SymType: '-exported-', PDB: 'C:\Windows\SYSTEM32\VCRUNTIME140_1.dll', fileVersion: 14.30.30704.0
C:\Program Files\Unity\Hub\Editor\2021.1.11f1\Editor\SketchUpCommonPreferences.dll:SketchUpCommonPreferences.dll (00007FFB4C640000), size: 483328 (result: 0), SymType: '-exported-', PDB: 'C:\Program Files\Unity\Hub\Editor\2021.1.11f1\Editor\SketchUpCommonPreferences.dll', fileVersion: 19.0.753.20342
C:\Windows\SYSTEM32\Secur32.dll:Secur32.dll (00007FFB6C6D0000), size: 49152 (result: 0), SymType: '-exported-', PDB: 'C:\Windows\SYSTEM32\Secur32.dll', fileVersion: 10.0.19041.546
C:\Windows\SYSTEM32\SSPICLI.DLL:SSPICLI.DLL (00007FFB85000000), size: 200704 (result: 0), SymType: '-exported-', PDB: 'C:\Windows\SYSTEM32\SSPICLI.DLL', fileVersion: 10.0.19041.1266
C:\Program Files\Unity\Hub\Editor\2021.1.11f1\Editor\OpenRL.dll:OpenRL.dll (0000025C94670000), size: 12779520 (result: 0), SymType: '-exported-', PDB: 'C:\Program Files\Unity\Hub\Editor\2021.1.11f1\Editor\OpenRL.dll', fileVersion: 1.5.0.2907
C:\Windows\SYSTEM32\MSVCP100.dll:MSVCP100.dll (000000005F1D0000), size: 622592 (result: 0), SymType: '-exported-', PDB: 'C:\Windows\SYSTEM32\MSVCP100.dll', fileVersion: 10.0.40219.325
C:\Windows\SYSTEM32\MSVCR100.dll:MSVCR100.dll (000000005F0F0000), size: 860160 (result: 0), SymType: '-exported-', PDB: 'C:\Windows\SYSTEM32\MSVCR100.dll', fileVersion: 10.0.40219.325
C:\Program Files\Unity\Hub\Editor\2021.1.11f1\Editor\embree.dll:embree.dll (00007FFAAA020000), size: 16711680 (result: 0), SymType: '-exported-', PDB: 'C:\Program Files\Unity\Hub\Editor\2021.1.11f1\Editor\embree.dll', fileVersion: 2.14.0.0
C:\Program Files\Unity\Hub\Editor\2021.1.11f1\Editor\OpenRL_pthread.dll:OpenRL_pthread.dll (0000025C952C0000), size: 61440 (result: 0), SymType: '-exported-', PDB: 'C:\Program Files\Unity\Hub\Editor\2021.1.11f1\Editor\OpenRL_pthread.dll', fileVersion: 2.9.0.0
C:\Windows\SYSTEM32\MSASN1.dll:MSASN1.dll (00007FFB84CB0000), size: 73728 (result: 0), SymType: '-exported-', PDB: 'C:\Windows\SYSTEM32\MSASN1.dll', fileVersion: 10.0.19041.546
C:\Windows\SYSTEM32\kernel.appcore.dll:kernel.appcore.dll (00007FFB839C0000), size: 73728 (result: 0), SymType: '-exported-', PDB: 'C:\Windows\SYSTEM32\kernel.appcore.dll', fileVersion: 10.0.19041.546
C:\Windows\System32\bcryptPrimitives.dll:bcryptPrimitives.dll (00007FFB85340000), size: 532480 (result: 0), SymType: '-exported-', PDB: 'C:\Windows\System32\bcryptPrimitives.dll', fileVersion: 10.0.19041.1415
C:\Windows\system32\uxtheme.dll:uxtheme.dll (00007FFB82780000), size: 647168 (result: 0), SymType: '-exported-', PDB: 'C:\Windows\system32\uxtheme.dll', fileVersion: 10.0.19041.1266
C:\Windows\System32\shcore.dll:shcore.dll (00007FFB85D30000), size: 708608 (result: 0), SymType: '-exported-', PDB: 'C:\Windows\System32\shcore.dll', fileVersion: 10.0.19041.1387
C:\Windows\SYSTEM32\windows.storage.dll:windows.storage.dll (00007FFB83210000), size: 7950336 (result: 0), SymType: '-exported-', PDB: 'C:\Windows\SYSTEM32\windows.storage.dll', fileVersion: 10.0.19041.1466
C:\Windows\SYSTEM32\Wldp.dll:Wldp.dll (00007FFB84B20000), size: 188416 (result: 0), SymType: '-exported-', PDB: 'C:\Windows\SYSTEM32\Wldp.dll', fileVersion: 10.0.19041.1320
C:\Windows\SYSTEM32\profapi.dll:profapi.dll (00007FFB85080000), size: 126976 (result: 0), SymType: '-nosymbols-', PDB: 'C:\Windows\SYSTEM32\profapi.dll', fileVersion: 10.0.19041.844
C:\Windows\System32\clbcatq.dll:clbcatq.dll (00007FFB85A70000), size: 692224 (result: 0), SymType: '-exported-', PDB: 'C:\Windows\System32\clbcatq.dll', fileVersion: 2001.12.10941.16384
C:\Windows\System32\netprofm.dll:netprofm.dll (00007FFB7FAF0000), size: 253952 (result: 0), SymType: '-exported-', PDB: 'C:\Windows\System32\netprofm.dll', fileVersion: 10.0.19041.906
C:\Windows\System32\npmproxy.dll:npmproxy.dll (00007FFB74B70000), size: 65536 (result: 0), SymType: '-exported-', PDB: 'C:\Windows\System32\npmproxy.dll', fileVersion: 10.0.19041.906
C:\Windows\System32\NSI.dll:NSI.dll (00007FFB85C10000), size: 32768 (result: 0), SymType: '-exported-', PDB: 'C:\Windows\System32\NSI.dll', fileVersion: 10.0.19041.610
C:\Windows\SYSTEM32\dhcpcsvc6.DLL:dhcpcsvc6.DLL (00007FFB7BDF0000), size: 94208 (result: 0), SymType: '-exported-', PDB: 'C:\Windows\SYSTEM32\dhcpcsvc6.DLL', fileVersion: 10.0.19041.546
C:\Windows\SYSTEM32\dhcpcsvc.DLL:dhcpcsvc.DLL (00007FFB7BDD0000), size: 118784 (result: 0), SymType: '-exported-', PDB: 'C:\Windows\SYSTEM32\dhcpcsvc.DLL', fileVersion: 10.0.19041.546
C:\Windows\SYSTEM32\DNSAPI.dll:DNSAPI.dll (00007FFB84550000), size: 831488 (result: 0), SymType: '-exported-', PDB: 'C:\Windows\SYSTEM32\DNSAPI.dll', fileVersion: 10.0.19041.1320
C:\Windows\System32\fwpuclnt.dll:fwpuclnt.dll (00007FFB74260000), size: 520192 (result: 0), SymType: '-exported-', PDB: 'C:\Windows\System32\fwpuclnt.dll', fileVersion: 10.0.19041.1466
C:\Windows\System32\rasadhlp.dll:rasadhlp.dll (00007FFB74480000), size: 40960 (result: 0), SymType: '-exported-', PDB: 'C:\Windows\System32\rasadhlp.dll', fileVersion: 10.0.19041.546
C:\Program Files\Unity\Hub\Editor\2021.1.11f1\Editor\Data\Tools\astcenc-avx2.dll:astcenc-avx2.dll (00007FFAA7180000), size: 552960 (result: 0), SymType: '-exported-', PDB: 'C:\Program Files\Unity\Hub\Editor\2021.1.11f1\Editor\Data\Tools\astcenc-avx2.dll'
C:\Windows\SYSTEM32\d3d11.dll:d3d11.dll (00007FFB811A0000), size: 2506752 (result: 0), SymType: '-exported-', PDB: 'C:\Windows\SYSTEM32\d3d11.dll', fileVersion: 10.0.19041.1202
C:\Windows\SYSTEM32\dxgi.dll:dxgi.dll (00007FFB83A30000), size: 999424 (result: 0), SymType: '-exported-', PDB: 'C:\Windows\SYSTEM32\dxgi.dll', fileVersion: 10.0.19041.1266
C:\Windows\System32\DriverStore\FileRepository\iigd_dch.inf_amd64_62c6fb4131da3aee\igd10iumd64.dll:igd10iumd64.dll (00007FFB79820000), size: 21352448 (result: 0), SymType: '-exported-', PDB: 'C:\Windows\System32\DriverStore\FileRepository\iigd_dch.inf_amd64_62c6fb4131da3aee\igd10iumd64.dll', fileVersion: 27.20.100.9365
C:\Windows\SYSTEM32\ncrypt.dll:ncrypt.dll (00007FFB84B90000), size: 159744 (result: 0), SymType: '-exported-', PDB: 'C:\Windows\SYSTEM32\ncrypt.dll', fileVersion: 10.0.19041.662
C:\Windows\SYSTEM32\NTASN1.dll:NTASN1.dll (00007FFB84B50000), size: 241664 (result: 0), SymType: '-nosymbols-', PDB: 'C:\Windows\SYSTEM32\NTASN1.dll', fileVersion: 10.0.19041.546
C:\Windows\System32\DriverStore\FileRepository\iigd_dch.inf_amd64_62c6fb4131da3aee\igdgmm64.dll:igdgmm64.dll (00007FFB791A0000), size: 2916352 (result: 0), SymType: '-exported-', PDB: 'C:\Windows\System32\DriverStore\FileRepository\iigd_dch.inf_amd64_62c6fb4131da3aee\igdgmm64.dll', fileVersion: 27.20.100.9365
C:\Windows\System32\DriverStore\FileRepository\iigd_dch.inf_amd64_62c6fb4131da3aee\igc64.dll:igc64.dll (00007FFB76410000), size: 45903872 (result: 0), SymType: '-exported-', PDB: 'C:\Windows\System32\DriverStore\FileRepository\iigd_dch.inf_amd64_62c6fb4131da3aee\igc64.dll', fileVersion: 27.20.100.9365
C:\Windows\SYSTEM32\dxcore.dll:dxcore.dll (00007FFB7BD50000), size: 241664 (result: 0), SymType: '-exported-', PDB: 'C:\Windows\SYSTEM32\dxcore.dll', fileVersion: 10.0.19041.546
C:\Windows\system32\wbem\wbemprox.dll:wbemprox.dll (00007FFB69310000), size: 69632 (result: 0), SymType: '-exported-', PDB: 'C:\Windows\system32\wbem\wbemprox.dll', fileVersion: 10.0.19041.1320
C:\Windows\SYSTEM32\wbemcomn.dll:wbemcomn.dll (00007FFB6F220000), size: 598016 (result: 0), SymType: '-exported-', PDB: 'C:\Windows\SYSTEM32\wbemcomn.dll', fileVersion: 10.0.19041.1081
C:\Windows\system32\wbem\wbemsvc.dll:wbemsvc.dll (00007FFB67A60000), size: 81920 (result: 0), SymType: '-exported-', PDB: 'C:\Windows\system32\wbem\wbemsvc.dll', fileVersion: 10.0.19041.1320
C:\Windows\system32\wbem\fastprox.dll:fastprox.dll (00007FFB67B00000), size: 1093632 (result: 0), SymType: '-exported-', PDB: 'C:\Windows\system32\wbem\fastprox.dll', fileVersion: 10.0.19041.546
C:\Windows\SYSTEM32\amsi.dll:amsi.dll (00007FFB65640000), size: 102400 (result: 0), SymType: '-exported-', PDB: 'C:\Windows\SYSTEM32\amsi.dll', fileVersion: 10.0.19041.746
C:\Windows\SYSTEM32\USERENV.dll:USERENV.dll (00007FFB85040000), size: 188416 (result: 0), SymType: '-exported-', PDB: 'C:\Windows\SYSTEM32\USERENV.dll', fileVersion: 10.0.19041.572
C:\ProgramData\Microsoft\Windows Defender\Platform\4.18.2201.10-0\MpOav.dll:MpOav.dll (00007FFAE9AD0000), size: 495616 (result: 0), SymType: '-exported-', PDB: 'C:\ProgramData\Microsoft\Windows Defender\Platform\4.18.2201.10-0\MpOav.dll', fileVersion: 4.18.2201.10
C:\Windows\SYSTEM32\opencl.dll:opencl.dll (00007FFB38EA0000), size: 512000 (result: 0), SymType: '-exported-', PDB: 'C:\Windows\SYSTEM32\opencl.dll', fileVersion: 2.2.8.0
C:\Program Files\Unity\Hub\Editor\2021.1.11f1\Editor\radeonrays.dll:radeonrays.dll (00007FFB4C6E0000), size: 552960 (result: 0), SymType: '-exported-', PDB: 'C:\Program Files\Unity\Hub\Editor\2021.1.11f1\Editor\radeonrays.dll'
C:\Program Files\Unity\Hub\Editor\2021.1.11f1\Editor\Data\MonoBleedingEdge\EmbedRuntime\mono-2.0-bdwgc.dll:mono-2.0-bdwgc.dll (00007FFAA1940000), size: 7790592 (result: 0), SymType: 'PDB', PDB: 'C:\Program Files\Unity\Hub\Editor\2021.1.11f1\Editor\mono-2.0-bdwgc.pdb'
C:\Windows\System32\PSAPI.DLL:PSAPI.DLL (00007FFB85DE0000), size: 32768 (result: 0), SymType: '-exported-', PDB: 'C:\Windows\System32\PSAPI.DLL', fileVersion: 10.0.19041.546
C:\Windows\SYSTEM32\CRYPTSP.dll:CRYPTSP.dll (00007FFB84A10000), size: 98304 (result: 0), SymType: '-exported-', PDB: 'C:\Windows\SYSTEM32\CRYPTSP.dll', fileVersion: 10.0.19041.546
C:\Windows\system32\rsaenh.dll:rsaenh.dll (00007FFB841A0000), size: 212992 (result: 0), SymType: '-exported-', PDB: 'C:\Windows\system32\rsaenh.dll', fileVersion: 10.0.19041.1052
C:\Windows\SYSTEM32\CRYPTBASE.dll:CRYPTBASE.dll (00007FFB84A30000), size: 49152 (result: 0), SymType: '-exported-', PDB: 'C:\Windows\SYSTEM32\CRYPTBASE.dll', fileVersion: 10.0.19041.546
C:\Windows\SYSTEM32\dbghelp.dll:dbghelp.dll (00007FFB82DD0000), size: 1982464 (result: 0), SymType: '-exported-', PDB: 'C:\Windows\SYSTEM32\dbghelp.dll', fileVersion: 10.0.19041.867
C:\Windows\SYSTEM32\PROPSYS.dll:PROPSYS.dll (00007FFB80920000), size: 1007616 (result: 0), SymType: '-deferred-', PDB: '', fileVersion: 7.0.19041.1023
C:\Windows\WinSxS\amd64_microsoft.windows.common-controls_6595b64144ccf1df_6.0.19041.1110_none_60b5254171f9507e\comctl32.dll:comctl32.dll (00007FFB6D640000), size: 2727936 (result: 0), SymType: '-deferred-', PDB: '', fileVersion: 6.10.19041.1110
C:\Windows\SYSTEM32\WindowsCodecs.dll:WindowsCodecs.dll (00007FFB7EE00000), size: 1785856 (result: 0), SymType: '-deferred-', PDB: '', fileVersion: 10.0.19041.1151
C:\Windows\System32\MrmCoreR.dll:MrmCoreR.dll (00007FFB7ACA0000), size: 1003520 (result: 0), SymType: '-deferred-', PDB: '', fileVersion: 10.0.19041.1266
C:\Windows\System32\iertutil.dll:iertutil.dll (00007FFB75010000), size: 2818048 (result: 0), SymType: '-deferred-', PDB: '', fileVersion: 11.0.19041.1266
C:\Windows\SYSTEM32\windows.staterepositorycore.dll:windows.staterepositorycore.dll (00007FFB72D00000), size: 69632 (result: 0), SymType: '-deferred-', PDB: '', fileVersion: 10.0.19041.1466
C:\Windows\System32\thumbcache.dll:thumbcache.dll (00007FFB57C60000), size: 417792 (result: 0), SymType: '-deferred-', PDB: '', fileVersion: 10.0.19041.1151
C:\Windows\System32\bcp47mrm.dll:bcp47mrm.dll (00007FFB790C0000), size: 184320 (result: 0), SymType: '-deferred-', PDB: '', fileVersion: 10.0.19041.1266
C:\Windows\System32\Windows.UI.dll:Windows.UI.dll (00007FFB796D0000), size: 1314816 (result: 0), SymType: '-deferred-', PDB: '', fileVersion: 10.0.19041.746
C:\Windows\System32\WindowManagementAPI.dll:WindowManagementAPI.dll (00007FFB7F600000), size: 659456 (result: 0), SymType: '-deferred-', PDB: ''
C:\Windows\System32\TextInputFramework.dll:TextInputFramework.dll (00007FFB795D0000), size: 1019904 (result: 0), SymType: '-deferred-', PDB: '', fileVersion: 10.0.19041.1387
C:\Windows\System32\InputHost.dll:InputHost.dll (00007FFB79470000), size: 1384448 (result: 0), SymType: '-deferred-', PDB: '', fileVersion: 10.0.19041.906
C:\Windows\System32\CoreMessaging.dll:CoreMessaging.dll (00007FFB822A0000), size: 991232 (result: 0), SymType: '-deferred-', PDB: '', fileVersion: 10.0.19041.746
C:\Windows\SYSTEM32\twinapi.appcore.dll:twinapi.appcore.dll (00007FFB7F2F0000), size: 2101248 (result: 0), SymType: '-deferred-', PDB: '', fileVersion: 10.0.19041.964
C:\Windows\System32\CoreUIComponents.dll:CoreUIComponents.dll (00007FFB81F40000), size: 3530752 (result: 0), SymType: '-deferred-', PDB: '', fileVersion: 10.0.19041.546
C:\Windows\SYSTEM32\wintypes.dll:wintypes.dll (00007FFB80BE0000), size: 1392640 (result: 0), SymType: '-deferred-', PDB: '', fileVersion: 10.0.19041.1348
C:\Windows\SYSTEM32\ntmarta.dll:ntmarta.dll (00007FFB83E30000), size: 208896 (result: 0), SymType: '-deferred-', PDB: '', fileVersion: 10.0.19041.546
C:\Windows\WinSxS\amd64_microsoft.windows.gdiplus_6595b64144ccf1df_1.1.19041.1466_none_91a4907ccc87e3b8\gdiplus.dll:gdiplus.dll (00007FFB62240000), size: 1740800 (result: 0), SymType: '-deferred-', PDB: '', fileVersion: 10.0.19041.1466
C:\Windows\System32\MSCTF.dll:MSCTF.dll (00007FFB85DF0000), size: 1134592 (result: 0), SymType: '-deferred-', PDB: '', fileVersion: 10.0.19041.1466
C:\Windows\SYSTEM32\edputil.dll:edputil.dll (00007FFB57C30000), size: 147456 (result: 0), SymType: '-deferred-', PDB: '', fileVersion: 10.0.19041.546
C:\Windows\System32\Windows.StateRepositoryPS.dll:Windows.StateRepositoryPS.dll (00007FFB64DF0000), size: 1335296 (result: 0), SymType: '-deferred-', PDB: '', fileVersion: 10.0.19041.1466
C:\Windows\SYSTEM32\policymanager.dll:policymanager.dll (00007FFB80290000), size: 655360 (result: 0), SymType: '-deferred-', PDB: '', fileVersion: 10.0.19041.1387
C:\Windows\SYSTEM32\msvcp110_win.dll:msvcp110_win.dll (00007FFB84230000), size: 565248 (result: 0), SymType: '-deferred-', PDB: '', fileVersion: 10.0.19041.546
  ERROR: SymGetSymFromAddr64, GetLastError: 'Attempt to access invalid address.' (Address: 00007FFB799E07F3)
0x00007FFB799E07F3 (igd10iumd64) (function-name not available)
SymInit: Symbol-SearchPath: 'C:/Program Files/Unity/Hub/Editor/2021.1.11f1/Editor/Data/Mono;.;C:\Users\rudy\Desktop\IdleBreakout-RTX-3D;C:\Users\rudy\Desktop\IdleBreakout-RTX-3D\Library\BurstCache\JIT;C:\Program Files\Unity\Hub\Editor\2021.1.11f1\Editor;C:\Windows;C:\Windows\system32;SRV*C:\websymbols*http://msdl.microsoft.com/download/symbols;', symOptions: 534, UserName: 'rudy'
OS-Version: 10.0.0
C:\Program Files\Unity\Hub\Editor\2021.1.11f1\Editor\Unity.exe:Unity.exe (00007FF6B0460000), size: 81670144 (result: 0), SymType: 'PDB', PDB: 'C:\Program Files\Unity\Hub\Editor\2021.1.11f1\Editor\Unity_x64.pdb', fileVersion: 2021.1.11.35877
C:\Windows\SYSTEM32\ntdll.dll:ntdll.dll (00007FFB87A30000), size: 2052096 (result: 0), SymType: '-exported-', PDB: 'C:\Windows\SYSTEM32\ntdll.dll', fileVersion: 10.0.19041.1466
C:\Windows\System32\KERNEL32.DLL:KERNEL32.DLL (00007FFB873A0000), size: 778240 (result: 0), SymType: '-exported-', PDB: 'C:\Windows\System32\KERNEL32.DLL', fileVersion: 10.0.19041.1466
C:\Windows\System32\KERNELBASE.dll:KERNELBASE.dll (00007FFB85610000), size: 2916352 (result: 0), SymType: '-exported-', PDB: 'C:\Windows\System32\KERNELBASE.dll', fileVersion: 10.0.19041.1466
C:\Windows\System32\CRYPT32.dll:CRYPT32.dll (00007FFB858E0000), size: 1400832 (result: 0), SymType: '-exported-', PDB: 'C:\Windows\System32\CRYPT32.dll', fileVersion: 10.0.19041.1320
C:\Windows\System32\ucrtbase.dll:ucrtbase.dll (00007FFB853D0000), size: 1048576 (result: 0), SymType: '-exported-', PDB: 'C:\Windows\System32\ucrtbase.dll', fileVersion: 10.0.19041.789
C:\Windows\System32\USER32.dll:USER32.dll (00007FFB86E40000), size: 1708032 (result: 0), SymType: '-exported-', PDB: 'C:\Windows\System32\USER32.dll', fileVersion: 10.0.19041.1202
C:\Windows\System32\win32u.dll:win32u.dll (00007FFB855E0000), size: 139264 (result: 0), SymType: '-exported-', PDB: 'C:\Windows\System32\win32u.dll', fileVersion: 10.0.19041.1466
C:\Program Files\Unity\Hub\Editor\2021.1.11f1\Editor\libfbxsdk.dll:libfbxsdk.dll (00007FFAB01B0000), size: 10215424 (result: 0), SymType: '-exported-', PDB: 'C:\Program Files\Unity\Hub\Editor\2021.1.11f1\Editor\libfbxsdk.dll', fileVersion: 2020.2.0.0
C:\Program Files\Unity\Hub\Editor\2021.1.11f1\Editor\optix.6.0.0.dll:optix.6.0.0.dll (00007FFB4D560000), size: 208896 (result: 0), SymType: '-exported-', PDB: 'C:\Program Files\Unity\Hub\Editor\2021.1.11f1\Editor\optix.6.0.0.dll', fileVersion: 6.0.0.0
C:\Program Files\Unity\Hub\Editor\2021.1.11f1\Editor\OpenImageDenoise.dll:OpenImageDenoise.dll (00007FFAAB010000), size: 43806720 (result: 0), SymType: '-exported-', PDB: 'C:\Program Files\Unity\Hub\Editor\2021.1.11f1\Editor\OpenImageDenoise.dll'
C:\Windows\System32\GDI32.dll:GDI32.dll (00007FFB85D00000), size: 176128 (result: 0), SymType: '-exported-', PDB: 'C:\Windows\System32\GDI32.dll', fileVersion: 10.0.19041.1202
C:\Windows\System32\gdi32full.dll:gdi32full.dll (00007FFB854D0000), size: 1101824 (result: 0), SymType: '-exported-', PDB: 'C:\Windows\System32\gdi32full.dll', fileVersion: 10.0.19041.1466
C:\Windows\System32\msvcp_win.dll:msvcp_win.dll (00007FFB85250000), size: 643072 (result: 0), SymType: '-exported-', PDB: 'C:\Windows\System32\msvcp_win.dll', fileVersion: 10.0.19041.789
C:\Windows\System32\ADVAPI32.dll:ADVAPI32.dll (00007FFB86010000), size: 712704 (result: 0), SymType: '-exported-', PDB: 'C:\Windows\System32\ADVAPI32.dll', fileVersion: 10.0.19041.1466
C:\Windows\System32\msvcrt.dll:msvcrt.dll (00007FFB85F10000), size: 647168 (result: 0), SymType: '-exported-', PDB: 'C:\Windows\System32\msvcrt.dll', fileVersion: 7.0.19041.546
C:\Program Files\Unity\Hub\Editor\2021.1.11f1\Editor\umbraoptimizer64.dll:umbraoptimizer64.dll (00007FFAE8FA0000), size: 1306624 (result: 0), SymType: '-exported-', PDB: 'C:\Program Files\Unity\Hub\Editor\2021.1.11f1\Editor\umbraoptimizer64.dll'
C:\Windows\System32\SHELL32.dll:SHELL32.dll (00007FFB865B0000), size: 7618560 (result: 0), SymType: '-exported-', PDB: 'C:\Windows\System32\SHELL32.dll', fileVersion: 10.0.19041.1466
C:\Windows\System32\WS2_32.dll:WS2_32.dll (00007FFB860C0000), size: 438272 (result: 0), SymType: '-exported-', PDB: 'C:\Windows\System32\WS2_32.dll', fileVersion: 10.0.19041.546
C:\Program Files\Unity\Hub\Editor\2021.1.11f1\Editor\etccompress.dll:etccompress.dll (00007FFACFDA0000), size: 5066752 (result: 0), SymType: '-exported-', PDB: 'C:\Program Files\Unity\Hub\Editor\2021.1.11f1\Editor\etccompress.dll'
C:\Windows\System32\sechost.dll:sechost.dll (00007FFB87460000), size: 638976 (result: 0), SymType: '-exported-', PDB: 'C:\Windows\System32\sechost.dll', fileVersion: 10.0.19041.1466
C:\Windows\System32\RPCRT4.dll:RPCRT4.dll (00007FFB86FF0000), size: 1200128 (result: 0), SymType: '-exported-', PDB: 'C:\Windows\System32\RPCRT4.dll', fileVersion: 10.0.19041.1466
C:\Windows\System32\SHLWAPI.dll:SHLWAPI.dll (00007FFB85FB0000), size: 348160 (result: 0), SymType: '-exported-', PDB: 'C:\Windows\System32\SHLWAPI.dll', fileVersion: 10.0.19041.1023
C:\Windows\System32\WLDAP32.dll:WLDAP32.dll (00007FFB85B80000), size: 352256 (result: 0), SymType: '-exported-', PDB: 'C:\Windows\System32\WLDAP32.dll', fileVersion: 10.0.19041.546
C:\Program Files\Unity\Hub\Editor\2021.1.11f1\Editor\FreeImage.dll:FreeImage.dll (0000000180000000), size: 6414336 (result: 0), SymType: '-exported-', PDB: 'C:\Program Files\Unity\Hub\Editor\2021.1.11f1\Editor\FreeImage.dll', fileVersion: 3.18.0.0
C:\Windows\System32\Normaliz.dll:Normaliz.dll (00007FFB86E30000), size: 32768 (result: 0), SymType: '-exported-', PDB: 'C:\Windows\System32\Normaliz.dll', fileVersion: 10.0.19041.546
C:\Windows\System32\ole32.dll:ole32.dll (00007FFB86D00000), size: 1220608 (result: 0), SymType: '-exported-', PDB: 'C:\Windows\System32\ole32.dll', fileVersion: 10.0.19041.1202
C:\Windows\System32\combase.dll:combase.dll (00007FFB875B0000), size: 3493888 (result: 0), SymType: '-exported-', PDB: 'C:\Windows\System32\combase.dll', fileVersion: 10.0.19041.1348
C:\Program Files\Unity\Hub\Editor\2021.1.11f1\Editor\ispc_texcomp.dll:ispc_texcomp.dll (00007FFAD1630000), size: 1744896 (result: 0), SymType: '-exported-', PDB: 'C:\Program Files\Unity\Hub\Editor\2021.1.11f1\Editor\ispc_texcomp.dll'
C:\Windows\System32\IMM32.dll:IMM32.dll (00007FFB85BE0000), size: 196608 (result: 0), SymType: '-exported-', PDB: 'C:\Windows\System32\IMM32.dll', fileVersion: 10.0.19041.546
C:\Program Files\Unity\Hub\Editor\2021.1.11f1\Editor\WinPixEventRuntime.dll:WinPixEventRuntime.dll (00007FFB80870000), size: 45056 (result: 0), SymType: '-exported-', PDB: 'C:\Program Files\Unity\Hub\Editor\2021.1.11f1\Editor\WinPixEventRuntime.dll', fileVersion: 1.0.1812.6001
C:\Program Files\Unity\Hub\Editor\2021.1.11f1\Editor\tbb.dll:tbb.dll (00007FFAE8AA0000), size: 413696 (result: 0), SymType: '-exported-', PDB: 'C:\Program Files\Unity\Hub\Editor\2021.1.11f1\Editor\tbb.dll', fileVersion: 2017.0.2016.1004
C:\Windows\System32\SETUPAPI.dll:SETUPAPI.dll (00007FFB86130000), size: 4661248 (result: 0), SymType: '-exported-', PDB: 'C:\Windows\System32\SETUPAPI.dll', fileVersion: 10.0.19041.1237
C:\Windows\SYSTEM32\VCRUNTIME140.dll:VCRUNTIME140.dll (00007FFB39FE0000), size: 110592 (result: 0), SymType: '-exported-', PDB: 'C:\Windows\SYSTEM32\VCRUNTIME140.dll', fileVersion: 14.30.30704.0
C:\Windows\System32\cfgmgr32.dll:cfgmgr32.dll (00007FFB852F0000), size: 319488 (result: 0), SymType: '-exported-', PDB: 'C:\Windows\System32\cfgmgr32.dll', fileVersion: 10.0.19041.1151
C:\Windows\System32\bcrypt.dll:bcrypt.dll (00007FFB85A40000), size: 159744 (result: 0), SymType: '-exported-', PDB: 'C:\Windows\System32\bcrypt.dll', fileVersion: 10.0.19041.1023
C:\Windows\SYSTEM32\OPENGL32.dll:OPENGL32.dll (00007FFB595A0000), size: 1200128 (result: 0), SymType: '-exported-', PDB: 'C:\Windows\SYSTEM32\OPENGL32.dll', fileVersion: 10.0.19041.1081
C:\Windows\System32\OLEAUT32.dll:OLEAUT32.dll (00007FFB872D0000), size: 839680 (result: 0), SymType: '-exported-', PDB: 'C:\Windows\System32\OLEAUT32.dll', fileVersion: 10.0.19041.985
C:\Windows\SYSTEM32\GLU32.dll:GLU32.dll (00007FFB59530000), size: 180224 (result: 0), SymType: '-exported-', PDB: 'C:\Windows\SYSTEM32\GLU32.dll', fileVersion: 10.0.19041.1081
C:\Windows\SYSTEM32\IPHLPAPI.DLL:IPHLPAPI.DLL (00007FFB84510000), size: 241664 (result: 0), SymType: '-exported-', PDB: 'C:\Windows\SYSTEM32\IPHLPAPI.DLL', fileVersion: 10.0.19041.546
C:\Windows\System32\WINTRUST.dll:WINTRUST.dll (00007FFB85140000), size: 393216 (result: 0), SymType: '-exported-', PDB: 'C:\Windows\System32\WINTRUST.dll', fileVersion: 10.0.19041.1466
C:\Windows\SYSTEM32\MSVCP120.dll:MSVCP120.dll (00007FFB6DEB0000), size: 679936 (result: 0), SymType: '-exported-', PDB: 'C:\Windows\SYSTEM32\MSVCP120.dll', fileVersion: 12.0.40664.0
C:\Windows\SYSTEM32\MSVCR120.dll:MSVCR120.dll (00007FFB6FC60000), size: 978944 (result: 0), SymType: '-exported-', PDB: 'C:\Windows\SYSTEM32\MSVCR120.dll', fileVersion: 12.0.40664.0
C:\Windows\SYSTEM32\MSVCP140.dll:MSVCP140.dll (00007FFB39F50000), size: 581632 (result: 0), SymType: '-exported-', PDB: 'C:\Windows\SYSTEM32\MSVCP140.dll', fileVersion: 14.30.30704.0
C:\Windows\SYSTEM32\WINHTTP.dll:WINHTTP.dll (00007FFB74BA0000), size: 1097728 (result: 0), SymType: '-exported-', PDB: 'C:\Windows\SYSTEM32\WINHTTP.dll', fileVersion: 10.0.19041.1320
C:\Program Files\Unity\Hub\Editor\2021.1.11f1\Editor\RadeonImageFilters.dll:RadeonImageFilters.dll (00007FFACFA60000), size: 2535424 (result: 0), SymType: '-exported-', PDB: 'C:\Program Files\Unity\Hub\Editor\2021.1.11f1\Editor\RadeonImageFilters.dll', fileVersion: 1.5.1.0
C:\Windows\SYSTEM32\WINMM.dll:WINMM.dll (00007FFB66F80000), size: 159744 (result: 0), SymType: '-exported-', PDB: 'C:\Windows\SYSTEM32\WINMM.dll', fileVersion: 10.0.19041.546
C:\Windows\SYSTEM32\HID.DLL:HID.DLL (00007FFB839B0000), size: 53248 (result: 0), SymType: '-exported-', PDB: 'C:\Windows\SYSTEM32\HID.DLL', fileVersion: 10.0.19041.546
C:\Program Files\Unity\Hub\Editor\2021.1.11f1\Editor\SketchUpAPI.dll:SketchUpAPI.dll (00007FFAAF3A0000), size: 8978432 (result: 0), SymType: '-exported-', PDB: 'C:\Program Files\Unity\Hub\Editor\2021.1.11f1\Editor\SketchUpAPI.dll', fileVersion: 19.0.753.0
C:\Windows\SYSTEM32\VERSION.dll:VERSION.dll (00007FFB7E430000), size: 40960 (result: 0), SymType: '-exported-', PDB: 'C:\Windows\SYSTEM32\VERSION.dll', fileVersion: 10.0.19041.546
C:\Windows\SYSTEM32\MSWSOCK.dll:MSWSOCK.dll (00007FFB84820000), size: 434176 (result: 0), SymType: '-exported-', PDB: 'C:\Windows\SYSTEM32\MSWSOCK.dll', fileVersion: 10.0.19041.546
C:\Windows\SYSTEM32\VCRUNTIME140_1.dll:VCRUNTIME140_1.dll (00007FFB662F0000), size: 49152 (result: 0), SymType: '-exported-', PDB: 'C:\Windows\SYSTEM32\VCRUNTIME140_1.dll', fileVersion: 14.30.30704.0
C:\Program Files\Unity\Hub\Editor\2021.1.11f1\Editor\SketchUpCommonPreferences.dll:SketchUpCommonPreferences.dll (00007FFB4C640000), size: 483328 (result: 0), SymType: '-exported-', PDB: 'C:\Program Files\Unity\Hub\Editor\2021.1.11f1\Editor\SketchUpCommonPreferences.dll', fileVersion: 19.0.753.20342
C:\Windows\SYSTEM32\Secur32.dll:Secur32.dll (00007FFB6C6D0000), size: 49152 (result: 0), SymType: '-exported-', PDB: 'C:\Windows\SYSTEM32\Secur32.dll', fileVersion: 10.0.19041.546
C:\Windows\SYSTEM32\SSPICLI.DLL:SSPICLI.DLL (00007FFB85000000), size: 200704 (result: 0), SymType: '-exported-', PDB: 'C:\Windows\SYSTEM32\SSPICLI.DLL', fileVersion: 10.0.19041.1266
C:\Program Files\Unity\Hub\Editor\2021.1.11f1\Editor\OpenRL.dll:OpenRL.dll (0000025C94670000), size: 12779520 (result: 0), SymType: '-exported-', PDB: 'C:\Program Files\Unity\Hub\Editor\2021.1.11f1\Editor\OpenRL.dll', fileVersion: 1.5.0.2907
C:\Windows\SYSTEM32\MSVCP100.dll:MSVCP100.dll (000000005F1D0000), size: 622592 (result: 0), SymType: '-exported-', PDB: 'C:\Windows\SYSTEM32\MSVCP100.dll', fileVersion: 10.0.40219.325
C:\Windows\SYSTEM32\MSVCR100.dll:MSVCR100.dll (000000005F0F0000), size: 860160 (result: 0), SymType: '-exported-', PDB: 'C:\Windows\SYSTEM32\MSVCR100.dll', fileVersion: 10.0.40219.325
C:\Program Files\Unity\Hub\Editor\2021.1.11f1\Editor\embree.dll:embree.dll (00007FFAAA020000), size: 16711680 (result: 0), SymType: '-exported-', PDB: 'C:\Program Files\Unity\Hub\Editor\2021.1.11f1\Editor\embree.dll', fileVersion: 2.14.0.0
C:\Program Files\Unity\Hub\Editor\2021.1.11f1\Editor\OpenRL_pthread.dll:OpenRL_pthread.dll (0000025C952C0000), size: 61440 (result: 0), SymType: '-exported-', PDB: 'C:\Program Files\Unity\Hub\Editor\2021.1.11f1\Editor\OpenRL_pthread.dll', fileVersion: 2.9.0.0
C:\Windows\SYSTEM32\MSASN1.dll:MSASN1.dll (00007FFB84CB0000), size: 73728 (result: 0), SymType: '-exported-', PDB: 'C:\Windows\SYSTEM32\MSASN1.dll', fileVersion: 10.0.19041.546
C:\Windows\SYSTEM32\kernel.appcore.dll:kernel.appcore.dll (00007FFB839C0000), size: 73728 (result: 0), SymType: '-exported-', PDB: 'C:\Windows\SYSTEM32\kernel.appcore.dll', fileVersion: 10.0.19041.546
C:\Windows\System32\bcryptPrimitives.dll:bcryptPrimitives.dll (00007FFB85340000), size: 532480 (result: 0), SymType: '-exported-', PDB: 'C:\Windows\System32\bcryptPrimitives.dll', fileVersion: 10.0.19041.1415
C:\Windows\system32\uxtheme.dll:uxtheme.dll (00007FFB82780000), size: 647168 (result: 0), SymType: '-exported-', PDB: 'C:\Windows\system32\uxtheme.dll', fileVersion: 10.0.19041.1266
C:\Windows\System32\shcore.dll:shcore.dll (00007FFB85D30000), size: 708608 (result: 0), SymType: '-exported-', PDB: 'C:\Windows\System32\shcore.dll', fileVersion: 10.0.19041.1387
C:\Windows\SYSTEM32\windows.storage.dll:windows.storage.dll (00007FFB83210000), size: 7950336 (result: 0), SymType: '-exported-', PDB: 'C:\Windows\SYSTEM32\windows.storage.dll', fileVersion: 10.0.19041.1466
C:\Windows\SYSTEM32\Wldp.dll:Wldp.dll (00007FFB84B20000), size: 188416 (result: 0), SymType: '-exported-', PDB: 'C:\Windows\SYSTEM32\Wldp.dll', fileVersion: 10.0.19041.1320
C:\Windows\SYSTEM32\profapi.dll:profapi.dll (00007FFB85080000), size: 126976 (result: 0), SymType: '-nosymbols-', PDB: 'C:\Windows\SYSTEM32\profapi.dll', fileVersion: 10.0.19041.844
C:\Windows\System32\clbcatq.dll:clbcatq.dll (00007FFB85A70000), size: 692224 (result: 0), SymType: '-exported-', PDB: 'C:\Windows\System32\clbcatq.dll', fileVersion: 2001.12.10941.16384
C:\Windows\System32\netprofm.dll:netprofm.dll (00007FFB7FAF0000), size: 253952 (result: 0), SymType: '-exported-', PDB: 'C:\Windows\System32\netprofm.dll', fileVersion: 10.0.19041.906
C:\Windows\System32\npmproxy.dll:npmproxy.dll (00007FFB74B70000), size: 65536 (result: 0), SymType: '-exported-', PDB: 'C:\Windows\System32\npmproxy.dll', fileVersion: 10.0.19041.906
C:\Windows\System32\NSI.dll:NSI.dll (00007FFB85C10000), size: 32768 (result: 0), SymType: '-exported-', PDB: 'C:\Windows\System32\NSI.dll', fileVersion: 10.0.19041.610
C:\Windows\SYSTEM32\dhcpcsvc6.DLL:dhcpcsvc6.DLL (00007FFB7BDF0000), size: 94208 (result: 0), SymType: '-exported-', PDB: 'C:\Windows\SYSTEM32\dhcpcsvc6.DLL', fileVersion: 10.0.19041.546
C:\Windows\SYSTEM32\dhcpcsvc.DLL:dhcpcsvc.DLL (00007FFB7BDD0000), size: 118784 (result: 0), SymType: '-exported-', PDB: 'C:\Windows\SYSTEM32\dhcpcsvc.DLL', fileVersion: 10.0.19041.546
C:\Windows\SYSTEM32\DNSAPI.dll:DNSAPI.dll (00007FFB84550000), size: 831488 (result: 0), SymType: '-exported-', PDB: 'C:\Windows\SYSTEM32\DNSAPI.dll', fileVersion: 10.0.19041.1320
C:\Windows\System32\fwpuclnt.dll:fwpuclnt.dll (00007FFB74260000), size: 520192 (result: 0), SymType: '-exported-', PDB: 'C:\Windows\System32\fwpuclnt.dll', fileVersion: 10.0.19041.1466
C:\Windows\System32\rasadhlp.dll:rasadhlp.dll (00007FFB74480000), size: 40960 (result: 0), SymType: '-exported-', PDB: 'C:\Windows\System32\rasadhlp.dll', fileVersion: 10.0.19041.546
C:\Program Files\Unity\Hub\Editor\2021.1.11f1\Editor\Data\Tools\astcenc-avx2.dll:astcenc-avx2.dll (00007FFAA7180000), size: 552960 (result: 0), SymType: '-exported-', PDB: 'C:\Program Files\Unity\Hub\Editor\2021.1.11f1\Editor\Data\Tools\astcenc-avx2.dll'
C:\Windows\SYSTEM32\d3d11.dll:d3d11.dll (00007FFB811A0000), size: 2506752 (result: 0), SymType: '-exported-', PDB: 'C:\Windows\SYSTEM32\d3d11.dll', fileVersion: 10.0.19041.1202
C:\Windows\SYSTEM32\dxgi.dll:dxgi.dll (00007FFB83A30000), size: 999424 (result: 0), SymType: '-exported-', PDB: 'C:\Windows\SYSTEM32\dxgi.dll', fileVersion: 10.0.19041.1266
C:\Windows\System32\DriverStore\FileRepository\iigd_dch.inf_amd64_62c6fb4131da3aee\igd10iumd64.dll:igd10iumd64.dll (00007FFB79820000), size: 21352448 (result: 0), SymType: '-exported-', PDB: 'C:\Windows\System32\DriverStore\FileRepository\iigd_dch.inf_amd64_62c6fb4131da3aee\igd10iumd64.dll', fileVersion: 27.20.100.9365
C:\Windows\SYSTEM32\ncrypt.dll:ncrypt.dll (00007FFB84B90000), size: 159744 (result: 0), SymType: '-exported-', PDB: 'C:\Windows\SYSTEM32\ncrypt.dll', fileVersion: 10.0.19041.662
C:\Windows\SYSTEM32\NTASN1.dll:NTASN1.dll (00007FFB84B50000), size: 241664 (result: 0), SymType: '-nosymbols-', PDB: 'C:\Windows\SYSTEM32\NTASN1.dll', fileVersion: 10.0.19041.546
C:\Windows\System32\DriverStore\FileRepository\iigd_dch.inf_amd64_62c6fb4131da3aee\igdgmm64.dll:igdgmm64.dll (00007FFB791A0000), size: 2916352 (result: 0), SymType: '-exported-', PDB: 'C:\Windows\System32\DriverStore\FileRepository\iigd_dch.inf_amd64_62c6fb4131da3aee\igdgmm64.dll', fileVersion: 27.20.100.9365
C:\Windows\System32\DriverStore\FileRepository\iigd_dch.inf_amd64_62c6fb4131da3aee\igc64.dll:igc64.dll (00007FFB76410000), size: 45903872 (result: 0), SymType: '-exported-', PDB: 'C:\Windows\System32\DriverStore\FileRepository\iigd_dch.inf_amd64_62c6fb4131da3aee\igc64.dll', fileVersion: 27.20.100.9365
C:\Windows\SYSTEM32\dxcore.dll:dxcore.dll (00007FFB7BD50000), size: 241664 (result: 0), SymType: '-exported-', PDB: 'C:\Windows\SYSTEM32\dxcore.dll', fileVersion: 10.0.19041.546
C:\Windows\system32\wbem\wbemprox.dll:wbemprox.dll (00007FFB69310000), size: 69632 (result: 0), SymType: '-exported-', PDB: 'C:\Windows\system32\wbem\wbemprox.dll', fileVersion: 10.0.19041.1320
C:\Windows\SYSTEM32\wbemcomn.dll:wbemcomn.dll (00007FFB6F220000), size: 598016 (result: 0), SymType: '-exported-', PDB: 'C:\Windows\SYSTEM32\wbemcomn.dll', fileVersion: 10.0.19041.1081
C:\Windows\system32\wbem\wbemsvc.dll:wbemsvc.dll (00007FFB67A60000), size: 81920 (result: 0), SymType: '-exported-', PDB: 'C:\Windows\system32\wbem\wbemsvc.dll', fileVersion: 10.0.19041.1320
C:\Windows\system32\wbem\fastprox.dll:fastprox.dll (00007FFB67B00000), size: 1093632 (result: 0), SymType: '-exported-', PDB: 'C:\Windows\system32\wbem\fastprox.dll', fileVersion: 10.0.19041.546
C:\Windows\SYSTEM32\amsi.dll:amsi.dll (00007FFB65640000), size: 102400 (result: 0), SymType: '-exported-', PDB: 'C:\Windows\SYSTEM32\amsi.dll', fileVersion: 10.0.19041.746
C:\Windows\SYSTEM32\USERENV.dll:USERENV.dll (00007FFB85040000), size: 188416 (result: 0), SymType: '-exported-', PDB: 'C:\Windows\SYSTEM32\USERENV.dll', fileVersion: 10.0.19041.572
C:\ProgramData\Microsoft\Windows Defender\Platform\4.18.2201.10-0\MpOav.dll:MpOav.dll (00007FFAE9AD0000), size: 495616 (result: 0), SymType: '-exported-', PDB: 'C:\ProgramData\Microsoft\Windows Defender\Platform\4.18.2201.10-0\MpOav.dll', fileVersion: 4.18.2201.10
C:\Windows\SYSTEM32\opencl.dll:opencl.dll (00007FFB38EA0000), size: 512000 (result: 0), SymType: '-exported-', PDB: 'C:\Windows\SYSTEM32\opencl.dll', fileVersion: 2.2.8.0
C:\Program Files\Unity\Hub\Editor\2021.1.11f1\Editor\radeonrays.dll:radeonrays.dll (00007FFB4C6E0000), size: 552960 (result: 0), SymType: '-exported-', PDB: 'C:\Program Files\Unity\Hub\Editor\2021.1.11f1\Editor\radeonrays.dll'
C:\Program Files\Unity\Hub\Editor\2021.1.11f1\Editor\Data\MonoBleedingEdge\EmbedRuntime\mono-2.0-bdwgc.dll:mono-2.0-bdwgc.dll (00007FFAA1940000), size: 7790592 (result: 0), SymType: 'PDB', PDB: 'C:\Program Files\Unity\Hub\Editor\2021.1.11f1\Editor\mono-2.0-bdwgc.pdb'
C:\Windows\System32\PSAPI.DLL:PSAPI.DLL (00007FFB85DE0000), size: 32768 (result: 0), SymType: '-exported-', PDB: 'C:\Windows\System32\PSAPI.DLL', fileVersion: 10.0.19041.546
C:\Windows\SYSTEM32\CRYPTSP.dll:CRYPTSP.dll (00007FFB84A10000), size: 98304 (result: 0), SymType: '-exported-', PDB: 'C:\Windows\SYSTEM32\CRYPTSP.dll', fileVersion: 10.0.19041.546
C:\Windows\system32\rsaenh.dll:rsaenh.dll (00007FFB841A0000), size: 212992 (result: 0), SymType: '-exported-', PDB: 'C:\Windows\system32\rsaenh.dll', fileVersion: 10.0.19041.1052
C:\Windows\SYSTEM32\CRYPTBASE.dll:CRYPTBASE.dll (00007FFB84A30000), size: 49152 (result: 0), SymType: '-exported-', PDB: 'C:\Windows\SYSTEM32\CRYPTBASE.dll', fileVersion: 10.0.19041.546
C:\Windows\SYSTEM32\dbghelp.dll:dbghelp.dll (00007FFB82DD0000), size: 1982464 (result: 0), SymType: '-exported-', PDB: 'C:\Windows\SYSTEM32\dbghelp.dll', fileVersion: 10.0.19041.867
C:\Windows\SYSTEM32\PROPSYS.dll:PROPSYS.dll (00007FFB80920000), size: 1007616 (result: 0), SymType: '-exported-', PDB: 'C:\Windows\SYSTEM32\PROPSYS.dll', fileVersion: 7.0.19041.1023
C:\Windows\WinSxS\amd64_microsoft.windows.common-controls_6595b64144ccf1df_6.0.19041.1110_none_60b5254171f9507e\comctl32.dll:comctl32.dll (00007FFB6D640000), size: 2727936 (result: 0), SymType: '-exported-', PDB: 'C:\Windows\WinSxS\amd64_microsoft.windows.common-controls_6595b64144ccf1df_6.0.19041.1110_none_60b5254171f9507e\comctl32.dll', fileVersion: 6.10.19041.1110
C:\Windows\SYSTEM32\WindowsCodecs.dll:WindowsCodecs.dll (00007FFB7EE00000), size: 1785856 (result: 0), SymType: '-exported-', PDB: 'C:\Windows\SYSTEM32\WindowsCodecs.dll', fileVersion: 10.0.19041.1151
C:\Windows\System32\MrmCoreR.dll:MrmCoreR.dll (00007FFB7ACA0000), size: 1003520 (result: 0), SymType: '-exported-', PDB: 'C:\Windows\System32\MrmCoreR.dll', fileVersion: 10.0.19041.1266
C:\Windows\System32\iertutil.dll:iertutil.dll (00007FFB75010000), size: 2818048 (result: 0), SymType: '-exported-', PDB: 'C:\Windows\System32\iertutil.dll', fileVersion: 11.0.19041.1266
C:\Windows\SYSTEM32\windows.staterepositorycore.dll:windows.staterepositorycore.dll (00007FFB72D00000), size: 69632 (result: 0), SymType: '-exported-', PDB: 'C:\Windows\SYSTEM32\windows.staterepositorycore.dll', fileVersion: 10.0.19041.1466
C:\Windows\System32\thumbcache.dll:thumbcache.dll (00007FFB57C60000), size: 417792 (result: 0), SymType: '-exported-', PDB: 'C:\Windows\System32\thumbcache.dll', fileVersion: 10.0.19041.1151
C:\Windows\System32\bcp47mrm.dll:bcp47mrm.dll (00007FFB790C0000), size: 184320 (result: 0), SymType: '-exported-', PDB: 'C:\Windows\System32\bcp47mrm.dll', fileVersion: 10.0.19041.1266
C:\Windows\System32\Windows.UI.dll:Windows.UI.dll (00007FFB796D0000), size: 1314816 (result: 0), SymType: '-exported-', PDB: 'C:\Windows\System32\Windows.UI.dll', fileVersion: 10.0.19041.746
C:\Windows\System32\WindowManagementAPI.dll:WindowManagementAPI.dll (00007FFB7F600000), size: 659456 (result: 0), SymType: '-exported-', PDB: 'C:\Windows\System32\WindowManagementAPI.dll'
C:\Windows\System32\TextInputFramework.dll:TextInputFramework.dll (00007FFB795D0000), size: 1019904 (result: 0), SymType: '-exported-', PDB: 'C:\Windows\System32\TextInputFramework.dll', fileVersion: 10.0.19041.1387
C:\Windows\System32\InputHost.dll:InputHost.dll (00007FFB79470000), size: 1384448 (result: 0), SymType: '-exported-', PDB: 'C:\Windows\System32\InputHost.dll', fileVersion: 10.0.19041.906
C:\Windows\System32\CoreMessaging.dll:CoreMessaging.dll (00007FFB822A0000), size: 991232 (result: 0), SymType: '-exported-', PDB: 'C:\Windows\System32\CoreMessaging.dll', fileVersion: 10.0.19041.746
C:\Windows\SYSTEM32\twinapi.appcore.dll:twinapi.appcore.dll (00007FFB7F2F0000), size: 2101248 (result: 0), SymType: '-exported-', PDB: 'C:\Windows\SYSTEM32\twinapi.appcore.dll', fileVersion: 10.0.19041.964
C:\Windows\System32\CoreUIComponents.dll:CoreUIComponents.dll (00007FFB81F40000), size: 3530752 (result: 0), SymType: '-exported-', PDB: 'C:\Windows\System32\CoreUIComponents.dll', fileVersion: 10.0.19041.546
C:\Windows\SYSTEM32\wintypes.dll:wintypes.dll (00007FFB80BE0000), size: 1392640 (result: 0), SymType: '-exported-', PDB: 'C:\Windows\SYSTEM32\wintypes.dll', fileVersion: 10.0.19041.1348
C:\Windows\SYSTEM32\ntmarta.dll:ntmarta.dll (00007FFB83E30000), size: 208896 (result: 0), SymType: '-exported-', PDB: 'C:\Windows\SYSTEM32\ntmarta.dll', fileVersion: 10.0.19041.546
C:\Windows\WinSxS\amd64_microsoft.windows.gdiplus_6595b64144ccf1df_1.1.19041.1466_none_91a4907ccc87e3b8\gdiplus.dll:gdiplus.dll (00007FFB62240000), size: 1740800 (result: 0), SymType: '-exported-', PDB: 'C:\Windows\WinSxS\amd64_microsoft.windows.gdiplus_6595b64144ccf1df_1.1.19041.1466_none_91a4907ccc87e3b8\gdiplus.dll', fileVersion: 10.0.19041.1466
C:\Windows\System32\MSCTF.dll:MSCTF.dll (00007FFB85DF0000), size: 1134592 (result: 0), SymType: '-exported-', PDB: 'C:\Windows\System32\MSCTF.dll', fileVersion: 10.0.19041.1466
C:\Windows\SYSTEM32\edputil.dll:edputil.dll (00007FFB57C30000), size: 147456 (result: 0), SymType: '-exported-', PDB: 'C:\Windows\SYSTEM32\edputil.dll', fileVersion: 10.0.19041.546
C:\Windows\System32\Windows.StateRepositoryPS.dll:Windows.StateRepositoryPS.dll (00007FFB64DF0000), size: 1335296 (result: 0), SymType: '-exported-', PDB: 'C:\Windows\System32\Windows.StateRepositoryPS.dll', fileVersion: 10.0.19041.1466
C:\Windows\SYSTEM32\policymanager.dll:policymanager.dll (00007FFB80290000), size: 655360 (result: 0), SymType: '-exported-', PDB: 'C:\Windows\SYSTEM32\policymanager.dll', fileVersion: 10.0.19041.1387
C:\Windows\SYSTEM32\msvcp110_win.dll:msvcp110_win.dll (00007FFB84230000), size: 565248 (result: 0), SymType: '-exported-', PDB: 'C:\Windows\SYSTEM32\msvcp110_win.dll', fileVersion: 10.0.19041.546
  ERROR: SymGetSymFromAddr64, GetLastError: 'Attempt to access invalid address.' (Address: 00007FFB799D85A3)
0x00007FFB799D85A3 (igd10iumd64) (function-name not available)
0x00007FFB79A6332A (igd10iumd64) OpenAdapter10_2
0x00007FFB873B7034 (KERNEL32) BaseThreadInitThunk
0x00007FFB87A82651 (ntdll) RtlUserThreadStart

========== END OF STACKTRACE ===========

A crash has been intercepted by the crash handler. For call stack and other details, see the latest crash report generated in:
 * C:/Users/rudy/AppData/Local/Temp/Unity/Editor/Crashes
 -> (artifact id: 'ed161aa3228580b84e27c38f2a3df815') in 121.192895 seconds 
========================================================================
Received Import Request.
  Time since last request: 0.000610 seconds.
  path: Assets/Scenes/MainScene.unity
  artifactKey: Guid(59a64baf65e9dda43b89bf997d4f2516) Importer(815301076,1909f56bfc062723c751e8b465ee728b)
Start importing Assets/Scenes/MainScene.unity using Guid(59a64baf65e9dda43b89bf997d4f2516) Importer(815301076,1909f56bfc062723c751e8b465ee728b)  -> (artifact id: '00067754907819484eda6726c362dd3d') in 0.032768 seconds 
========================================================================
Received Import Request.
  Time since last request: 0.000627 seconds.
  path: Assets/Readme.asset
  artifactKey: Guid(83c2ed844a8c74b779a4c823d16594b1) Importer(815301076,1909f56bfc062723c751e8b465ee728b)
Start importing Assets/Readme.asset using Guid(83c2ed844a8c74b779a4c823d16594b1) Importer(815301076,1909f56bfc062723c751e8b465ee728b)  -> (artifact id: '7c3b9f17ff219922461d349995487975') in 0.036498 seconds 
